Mon, 14 Aug 2017 22:43:20  SmartQQ.py[line:274] CRITICAL 正在获取登陆页面
Mon, 14 Aug 2017 22:45:33  SmartQQ.py[line:274] CRITICAL 正在获取登陆页面
Mon, 14 Aug 2017 22:45:34  SmartQQ.py[line:277] CRITICAL 正在获取appid
Mon, 14 Aug 2017 22:45:34  SmartQQ.py[line:279] CRITICAL 正在获取login_sig
Mon, 14 Aug 2017 22:45:34  SmartQQ.py[line:281] INFO get sign : 
Mon, 14 Aug 2017 22:45:34  SmartQQ.py[line:282] CRITICAL 正在获取pt_version
Mon, 14 Aug 2017 22:45:34  SmartQQ.py[line:284] INFO get g_pt_version : 10227
Mon, 14 Aug 2017 22:45:34  SmartQQ.py[line:285] CRITICAL 正在获取mibao_css
Mon, 14 Aug 2017 22:45:34  SmartQQ.py[line:287] INFO get g_mibao_css : 
Mon, 14 Aug 2017 22:45:34  PngImagePlugin.py[line:135] DEBUG STREAM b'IHDR' 16 13
Mon, 14 Aug 2017 22:45:34  PngImagePlugin.py[line:135] DEBUG STREAM b'pHYs' 41 9
Mon, 14 Aug 2017 22:45:34  PngImagePlugin.py[line:135] DEBUG STREAM b'IDAT' 62 421
Mon, 14 Aug 2017 22:45:34  SmartQQ.py[line:298] INFO [1] Get QRCode Picture Success.
Mon, 14 Aug 2017 22:45:50  SmartQQ.py[line:315] INFO ['ptuiCB(', '0', ',', '0', ',', 'http://ptlogin2.web2.qq.com/check_sig?pttype=1&uin=2410915560&service=ptqrlogin&nodirect=0&ptsigx=e9a110780a1456ddd347a8685a7788b9dc099da60c86e00f0e9941339f8c8bcf042cefa1d1a08a5b4be43b1664c38f14d60c63ef0d50446477d78e20edcf0d84&s_url=http%3A%2F%2Fw.qq.com%2Fproxy.html%3Flogin2qq%3D1%26webqq_type%3D10&f_url=&ptlang=2052&ptredirect=100&aid=501004106&daid=164&j_later=0&low_login_hour=0&regmaster=0&pt_login_type=3&pt_aid=0&pt_aaid=16&pt_light=0&pt_3rd_aid=0', ',', '0', ',', '登录成功！', ', ', '\u3000', ');\r\n']
Mon, 14 Aug 2017 22:45:50  SmartQQ.py[line:319] CRITICAL 二维码已扫描，正在登陆
Mon, 14 Aug 2017 22:45:51  SmartQQ.py[line:109] ERROR Get mibao_res Url Error.
Mon, 14 Aug 2017 22:45:51  SmartQQ.py[line:334] INFO PTWebQQ: 65764640e0c2e3ef7fb379497effa7692c901859fbc68b099d738b1e8f4f2c83
Mon, 14 Aug 2017 22:45:51  SmartQQ.py[line:350] CRITICAL 登录失败，正在重试
Mon, 14 Aug 2017 22:45:51  SmartQQ.py[line:350] CRITICAL 登录失败，正在重试
Mon, 14 Aug 2017 22:45:51  SmartQQ.py[line:350] CRITICAL 登录失败，正在重试
Mon, 14 Aug 2017 22:45:51  SmartQQ.py[line:763] CRITICAL list indices must be integers or slices, not str
Mon, 14 Aug 2017 22:46:53  SmartQQ.py[line:274] CRITICAL 正在获取登陆页面
Mon, 14 Aug 2017 22:47:13  SmartQQ.py[line:763] CRITICAL <urlopen error [Errno -3] Temporary failure in name resolution>
Mon, 14 Aug 2017 22:47:22  SmartQQ.py[line:274] CRITICAL 正在获取登陆页面
Mon, 14 Aug 2017 22:47:22  SmartQQ.py[line:277] CRITICAL 正在获取appid
Mon, 14 Aug 2017 22:47:22  SmartQQ.py[line:279] CRITICAL 正在获取login_sig
Mon, 14 Aug 2017 22:47:22  SmartQQ.py[line:281] INFO get sign : 
Mon, 14 Aug 2017 22:47:22  SmartQQ.py[line:282] CRITICAL 正在获取pt_version
Mon, 14 Aug 2017 22:47:22  SmartQQ.py[line:284] INFO get g_pt_version : 10227
Mon, 14 Aug 2017 22:47:22  SmartQQ.py[line:285] CRITICAL 正在获取mibao_css
Mon, 14 Aug 2017 22:47:22  SmartQQ.py[line:287] INFO get g_mibao_css : 
Mon, 14 Aug 2017 22:47:23  PngImagePlugin.py[line:135] DEBUG STREAM b'IHDR' 16 13
Mon, 14 Aug 2017 22:47:23  PngImagePlugin.py[line:135] DEBUG STREAM b'pHYs' 41 9
Mon, 14 Aug 2017 22:47:23  PngImagePlugin.py[line:135] DEBUG STREAM b'IDAT' 62 411
Mon, 14 Aug 2017 22:47:23  SmartQQ.py[line:298] INFO [1] Get QRCode Picture Success.
Mon, 14 Aug 2017 22:47:41  SmartQQ.py[line:315] INFO ['ptuiCB(', '0', ',', '0', ',', 'http://ptlogin2.web2.qq.com/check_sig?pttype=1&uin=2410915560&service=ptqrlogin&nodirect=0&ptsigx=e838ba9abc59b7fe32d545a9e2238a4c6516b334079dea8ed7d257039d1aece93c32caea60e01e1099ef555bd317bfeb956755300c3e2391dc7e22371fa707e9&s_url=http%3A%2F%2Fw.qq.com%2Fproxy.html%3Flogin2qq%3D1%26webqq_type%3D10&f_url=&ptlang=2052&ptredirect=100&aid=501004106&daid=164&j_later=0&low_login_hour=0&regmaster=0&pt_login_type=3&pt_aid=0&pt_aaid=16&pt_light=0&pt_3rd_aid=0', ',', '0', ',', '登录成功！', ', ', '\u3000', ');\r\n']
Mon, 14 Aug 2017 22:47:41  SmartQQ.py[line:319] CRITICAL 二维码已扫描，正在登陆
Mon, 14 Aug 2017 22:47:41  SmartQQ.py[line:109] ERROR Get mibao_res Url Error.
Mon, 14 Aug 2017 22:47:41  SmartQQ.py[line:334] INFO PTWebQQ: 29a300ed8a9508c711f83ac90b34f5bec3497970eb7c902f6b8dba3c9c777877
Mon, 14 Aug 2017 22:47:41  SmartQQ.py[line:350] CRITICAL 登录失败，正在重试
Mon, 14 Aug 2017 22:47:41  SmartQQ.py[line:350] CRITICAL 登录失败，正在重试
Mon, 14 Aug 2017 22:47:41  SmartQQ.py[line:350] CRITICAL 登录失败，正在重试
Mon, 14 Aug 2017 22:47:41  SmartQQ.py[line:763] CRITICAL list indices must be integers or slices, not str
Mon, 14 Aug 2017 22:49:36  SmartQQ.py[line:274] CRITICAL 正在获取登陆页面
Mon, 14 Aug 2017 22:49:49  SmartQQ.py[line:277] CRITICAL 正在获取appid
Mon, 14 Aug 2017 22:49:49  SmartQQ.py[line:279] CRITICAL 正在获取login_sig
Mon, 14 Aug 2017 22:49:49  SmartQQ.py[line:281] INFO get sign : 
Mon, 14 Aug 2017 22:49:49  SmartQQ.py[line:282] CRITICAL 正在获取pt_version
Mon, 14 Aug 2017 22:49:49  SmartQQ.py[line:284] INFO get g_pt_version : 10227
Mon, 14 Aug 2017 22:49:49  SmartQQ.py[line:285] CRITICAL 正在获取mibao_css
Mon, 14 Aug 2017 22:49:49  SmartQQ.py[line:287] INFO get g_mibao_css : 
Mon, 14 Aug 2017 22:49:49  PngImagePlugin.py[line:135] DEBUG STREAM b'IHDR' 16 13
Mon, 14 Aug 2017 22:49:49  PngImagePlugin.py[line:135] DEBUG STREAM b'pHYs' 41 9
Mon, 14 Aug 2017 22:49:49  PngImagePlugin.py[line:135] DEBUG STREAM b'IDAT' 62 421
Mon, 14 Aug 2017 22:49:49  SmartQQ.py[line:298] INFO [1] Get QRCode Picture Success.
Mon, 14 Aug 2017 22:49:57  SmartQQ.py[line:315] INFO ['ptuiCB(', '0', ',', '0', ',', 'http://ptlogin2.web2.qq.com/check_sig?pttype=1&uin=2410915560&service=ptqrlogin&nodirect=0&ptsigx=6e5a16a48aa1c167d6b6545aad63d71edd8a82eda62b9491946870cb8d3ae09b716ca54d968209e22f4a3123b61988e34498c56f42f020dd03e3258beb852153&s_url=http%3A%2F%2Fw.qq.com%2Fproxy.html%3Flogin2qq%3D1%26webqq_type%3D10&f_url=&ptlang=2052&ptredirect=100&aid=501004106&daid=164&j_later=0&low_login_hour=0&regmaster=0&pt_login_type=3&pt_aid=0&pt_aaid=16&pt_light=0&pt_3rd_aid=0', ',', '0', ',', '登录成功！', ', ', '\u3000', ');\r\n']
Mon, 14 Aug 2017 22:49:57  SmartQQ.py[line:319] CRITICAL 二维码已扫描，正在登陆
Mon, 14 Aug 2017 22:49:57  SmartQQ.py[line:109] ERROR Get mibao_res Url Error.
Mon, 14 Aug 2017 22:49:57  SmartQQ.py[line:334] INFO PTWebQQ: 9ea52ac152d6b3037d1de54c93da0e87f6123af8947f1ec94145e737c3096207
Mon, 14 Aug 2017 22:49:57  SmartQQ.py[line:350] CRITICAL 登录失败，正在重试
Mon, 14 Aug 2017 22:49:57  SmartQQ.py[line:350] CRITICAL 登录失败，正在重试
Mon, 14 Aug 2017 22:49:57  SmartQQ.py[line:350] CRITICAL 登录失败，正在重试
Mon, 14 Aug 2017 22:49:57  SmartQQ.py[line:763] CRITICAL list indices must be integers or slices, not str
Mon, 14 Aug 2017 22:50:42  SmartQQ.py[line:274] CRITICAL 正在获取登陆页面
Mon, 14 Aug 2017 22:50:43  SmartQQ.py[line:277] CRITICAL 正在获取appid
Mon, 14 Aug 2017 22:50:43  SmartQQ.py[line:279] CRITICAL 正在获取login_sig
Mon, 14 Aug 2017 22:50:43  SmartQQ.py[line:281] INFO get sign : 
Mon, 14 Aug 2017 22:50:43  SmartQQ.py[line:282] CRITICAL 正在获取pt_version
Mon, 14 Aug 2017 22:50:43  SmartQQ.py[line:284] INFO get g_pt_version : 10227
Mon, 14 Aug 2017 22:50:43  SmartQQ.py[line:285] CRITICAL 正在获取mibao_css
Mon, 14 Aug 2017 22:50:43  SmartQQ.py[line:287] INFO get g_mibao_css : 
Mon, 14 Aug 2017 22:50:43  PngImagePlugin.py[line:135] DEBUG STREAM b'IHDR' 16 13
Mon, 14 Aug 2017 22:50:43  PngImagePlugin.py[line:135] DEBUG STREAM b'pHYs' 41 9
Mon, 14 Aug 2017 22:50:43  PngImagePlugin.py[line:135] DEBUG STREAM b'IDAT' 62 409
Mon, 14 Aug 2017 22:50:43  SmartQQ.py[line:298] INFO [1] Get QRCode Picture Success.
Mon, 14 Aug 2017 22:50:50  SmartQQ.py[line:315] INFO ['ptuiCB(', '0', ',', '0', ',', 'http://ptlogin2.web2.qq.com/check_sig?pttype=1&uin=2410915560&service=ptqrlogin&nodirect=0&ptsigx=38fa9be5fbc06d96206b94bd254ce2c9f28de776b48d20feb7e68f027e648c83711f289ced016e3e8029ae59104e23be14541bc3f46ea180172680a760e60fa8&s_url=http%3A%2F%2Fw.qq.com%2Fproxy.html%3Flogin2qq%3D1%26webqq_type%3D10&f_url=&ptlang=2052&ptredirect=100&aid=501004106&daid=164&j_later=0&low_login_hour=0&regmaster=0&pt_login_type=3&pt_aid=0&pt_aaid=16&pt_light=0&pt_3rd_aid=0', ',', '0', ',', '登录成功！', ', ', '\u3000', ');\r\n']
Mon, 14 Aug 2017 22:50:50  SmartQQ.py[line:319] CRITICAL 二维码已扫描，正在登陆
Mon, 14 Aug 2017 22:50:50  SmartQQ.py[line:109] ERROR Get mibao_res Url Error.
Mon, 14 Aug 2017 22:50:50  SmartQQ.py[line:334] INFO PTWebQQ: f058c774b054e765f920c0183d927336ffd29719af0fbeecf3249cdc188a633b
Mon, 14 Aug 2017 22:50:50  SmartQQ.py[line:349] CRITICAL 登录失败，正在重试
Mon, 14 Aug 2017 22:50:50  SmartQQ.py[line:349] CRITICAL 登录失败，正在重试
Mon, 14 Aug 2017 22:50:50  SmartQQ.py[line:349] CRITICAL 登录失败，正在重试
Mon, 14 Aug 2017 22:50:50  SmartQQ.py[line:762] CRITICAL list indices must be integers or slices, not str
Mon, 14 Aug 2017 22:51:37  SmartQQ.py[line:274] CRITICAL 正在获取登陆页面
Mon, 14 Aug 2017 22:51:38  SmartQQ.py[line:277] CRITICAL 正在获取appid
Mon, 14 Aug 2017 22:51:38  SmartQQ.py[line:279] CRITICAL 正在获取login_sig
Mon, 14 Aug 2017 22:51:38  SmartQQ.py[line:281] INFO get sign : 
Mon, 14 Aug 2017 22:51:38  SmartQQ.py[line:282] CRITICAL 正在获取pt_version
Mon, 14 Aug 2017 22:51:38  SmartQQ.py[line:284] INFO get g_pt_version : 10227
Mon, 14 Aug 2017 22:51:38  SmartQQ.py[line:285] CRITICAL 正在获取mibao_css
Mon, 14 Aug 2017 22:51:38  SmartQQ.py[line:287] INFO get g_mibao_css : 
Mon, 14 Aug 2017 22:51:39  PngImagePlugin.py[line:135] DEBUG STREAM b'IHDR' 16 13
Mon, 14 Aug 2017 22:51:39  PngImagePlugin.py[line:135] DEBUG STREAM b'pHYs' 41 9
Mon, 14 Aug 2017 22:51:39  PngImagePlugin.py[line:135] DEBUG STREAM b'IDAT' 62 414
Mon, 14 Aug 2017 22:51:39  SmartQQ.py[line:298] INFO [1] Get QRCode Picture Success.
Mon, 14 Aug 2017 22:51:50  SmartQQ.py[line:315] INFO ['ptuiCB(', '0', ',', '0', ',', 'http://ptlogin2.web2.qq.com/check_sig?pttype=1&uin=2410915560&service=ptqrlogin&nodirect=0&ptsigx=1555b553d93484f6091e72ab0506faf761c1edff27f1f4b2efad37cb5945e1b4a2165435a4570bc0b537707a0d73427e5038f2c234438c932ecd29e777dcd680&s_url=http%3A%2F%2Fw.qq.com%2Fproxy.html%3Flogin2qq%3D1%26webqq_type%3D10&f_url=&ptlang=2052&ptredirect=100&aid=501004106&daid=164&j_later=0&low_login_hour=0&regmaster=0&pt_login_type=3&pt_aid=0&pt_aaid=16&pt_light=0&pt_3rd_aid=0', ',', '0', ',', '登录成功！', ', ', '\u3000', ');\r\n']
Mon, 14 Aug 2017 22:51:50  SmartQQ.py[line:319] CRITICAL 二维码已扫描，正在登陆
Mon, 14 Aug 2017 22:51:52  SmartQQ.py[line:109] ERROR Get mibao_res Url Error.
Mon, 14 Aug 2017 22:51:52  SmartQQ.py[line:334] INFO PTWebQQ: facff66c25a1c42ae5cffa3c75593874dbebacfba386a7a85fc14d490a2445f1
Mon, 14 Aug 2017 22:51:52  SmartQQ.py[line:349] CRITICAL 登录失败，正在重试
Mon, 14 Aug 2017 22:51:52  SmartQQ.py[line:349] CRITICAL 登录失败，正在重试
Mon, 14 Aug 2017 22:51:52  SmartQQ.py[line:349] CRITICAL 登录失败，正在重试
Mon, 14 Aug 2017 22:51:52  SmartQQ.py[line:762] CRITICAL list indices must be integers or slices, not str
Mon, 14 Aug 2017 22:52:49  SmartQQ.py[line:274] CRITICAL 正在获取登陆页面
Mon, 14 Aug 2017 22:52:50  SmartQQ.py[line:277] CRITICAL 正在获取appid
Mon, 14 Aug 2017 22:52:50  SmartQQ.py[line:279] CRITICAL 正在获取login_sig
Mon, 14 Aug 2017 22:52:50  SmartQQ.py[line:281] INFO get sign : 
Mon, 14 Aug 2017 22:52:50  SmartQQ.py[line:282] CRITICAL 正在获取pt_version
Mon, 14 Aug 2017 22:52:50  SmartQQ.py[line:284] INFO get g_pt_version : 10227
Mon, 14 Aug 2017 22:52:50  SmartQQ.py[line:285] CRITICAL 正在获取mibao_css
Mon, 14 Aug 2017 22:52:50  SmartQQ.py[line:287] INFO get g_mibao_css : 
Mon, 14 Aug 2017 22:52:55  PngImagePlugin.py[line:135] DEBUG STREAM b'IHDR' 16 13
Mon, 14 Aug 2017 22:52:55  PngImagePlugin.py[line:135] DEBUG STREAM b'pHYs' 41 9
Mon, 14 Aug 2017 22:52:55  PngImagePlugin.py[line:135] DEBUG STREAM b'IDAT' 62 422
Mon, 14 Aug 2017 22:52:55  SmartQQ.py[line:298] INFO [1] Get QRCode Picture Success.
Mon, 14 Aug 2017 22:52:58  SmartQQ.py[line:315] INFO ['ptuiCB(', '0', ',', '0', ',', 'http://ptlogin2.web2.qq.com/check_sig?pttype=1&uin=2410915560&service=ptqrlogin&nodirect=0&ptsigx=4d0efe88cfdb0b93f527abb7645d1fb099cd98faf964b7a36c557c15319436ee842dd091785bb2c20124fe530d27d50d2caee864978a3801f51dc1619192138c&s_url=http%3A%2F%2Fw.qq.com%2Fproxy.html%3Flogin2qq%3D1%26webqq_type%3D10&f_url=&ptlang=2052&ptredirect=100&aid=501004106&daid=164&j_later=0&low_login_hour=0&regmaster=0&pt_login_type=3&pt_aid=0&pt_aaid=16&pt_light=0&pt_3rd_aid=0', ',', '0', ',', '登录成功！', ', ', '\u3000', ');\r\n']
Mon, 14 Aug 2017 22:52:58  SmartQQ.py[line:319] CRITICAL 二维码已扫描，正在登陆
Mon, 14 Aug 2017 22:52:58  SmartQQ.py[line:109] ERROR Get mibao_res Url Error.
Mon, 14 Aug 2017 22:52:58  SmartQQ.py[line:334] INFO PTWebQQ: f4cd273cf1df6db1b91897b9d1c938bfa3e04aba8d24ee92b172def09b33e4c3
Mon, 14 Aug 2017 22:52:58  SmartQQ.py[line:349] CRITICAL 登录失败，正在重试
Mon, 14 Aug 2017 22:52:58  SmartQQ.py[line:349] CRITICAL 登录失败，正在重试
Mon, 14 Aug 2017 22:52:58  SmartQQ.py[line:349] CRITICAL 登录失败，正在重试
Mon, 14 Aug 2017 22:52:58  SmartQQ.py[line:762] CRITICAL list indices must be integers or slices, not str
Wed, 16 Aug 2017 17:18:56  SmartQQ.py[line:274] CRITICAL 正在获取登陆页面
Wed, 16 Aug 2017 17:19:06  SmartQQ.py[line:277] CRITICAL 正在获取appid
Wed, 16 Aug 2017 17:19:06  SmartQQ.py[line:279] CRITICAL 正在获取login_sig
Wed, 16 Aug 2017 17:19:06  SmartQQ.py[line:281] INFO get sign : 
Wed, 16 Aug 2017 17:19:06  SmartQQ.py[line:282] CRITICAL 正在获取pt_version
Wed, 16 Aug 2017 17:19:06  SmartQQ.py[line:284] INFO get g_pt_version : 10227
Wed, 16 Aug 2017 17:19:06  SmartQQ.py[line:285] CRITICAL 正在获取mibao_css
Wed, 16 Aug 2017 17:19:06  SmartQQ.py[line:287] INFO get g_mibao_css : 
Wed, 16 Aug 2017 17:19:07  PngImagePlugin.py[line:135] DEBUG STREAM b'IHDR' 16 13
Wed, 16 Aug 2017 17:19:07  PngImagePlugin.py[line:135] DEBUG STREAM b'pHYs' 41 9
Wed, 16 Aug 2017 17:19:07  PngImagePlugin.py[line:135] DEBUG STREAM b'IDAT' 62 415
Wed, 16 Aug 2017 17:19:07  SmartQQ.py[line:298] INFO [1] Get QRCode Picture Success.
Wed, 16 Aug 2017 17:19:20  SmartQQ.py[line:315] INFO ['ptuiCB(', '0', ',', '0', ',', 'http://ptlogin2.web2.qq.com/check_sig?pttype=1&uin=2410915560&service=ptqrlogin&nodirect=0&ptsigx=8105c3f70c064010b51d4850a340385e7afc4434e1bd06062af2389ce1c3c0ab17a973dc920d8f35c12561d1522282f96c451d8623ae1591bf9ee1ca5737434e&s_url=http%3A%2F%2Fw.qq.com%2Fproxy.html%3Flogin2qq%3D1%26webqq_type%3D10&f_url=&ptlang=2052&ptredirect=100&aid=501004106&daid=164&j_later=0&low_login_hour=0&regmaster=0&pt_login_type=3&pt_aid=0&pt_aaid=16&pt_light=0&pt_3rd_aid=0', ',', '0', ',', '登录成功！', ', ', '\u3000', ');\r\n']
Wed, 16 Aug 2017 17:19:20  SmartQQ.py[line:319] CRITICAL 二维码已扫描，正在登陆
Wed, 16 Aug 2017 17:21:14  SmartQQ.py[line:274] CRITICAL 正在获取登陆页面
Wed, 16 Aug 2017 17:21:21  SmartQQ.py[line:277] CRITICAL 正在获取appid
Wed, 16 Aug 2017 17:21:21  SmartQQ.py[line:279] CRITICAL 正在获取login_sig
Wed, 16 Aug 2017 17:21:21  SmartQQ.py[line:281] INFO get sign : 
Wed, 16 Aug 2017 17:21:21  SmartQQ.py[line:282] CRITICAL 正在获取pt_version
Wed, 16 Aug 2017 17:21:21  SmartQQ.py[line:284] INFO get g_pt_version : 10227
Wed, 16 Aug 2017 17:21:21  SmartQQ.py[line:285] CRITICAL 正在获取mibao_css
Wed, 16 Aug 2017 17:21:21  SmartQQ.py[line:287] INFO get g_mibao_css : 
Wed, 16 Aug 2017 17:21:24  PngImagePlugin.py[line:135] DEBUG STREAM b'IHDR' 16 13
Wed, 16 Aug 2017 17:21:24  PngImagePlugin.py[line:135] DEBUG STREAM b'pHYs' 41 9
Wed, 16 Aug 2017 17:21:24  PngImagePlugin.py[line:135] DEBUG STREAM b'IDAT' 62 411
Wed, 16 Aug 2017 17:21:24  SmartQQ.py[line:298] INFO [1] Get QRCode Picture Success.
Wed, 16 Aug 2017 17:21:30  SmartQQ.py[line:315] INFO ['ptuiCB(', '0', ',', '0', ',', 'http://ptlogin2.web2.qq.com/check_sig?pttype=1&uin=2410915560&service=ptqrlogin&nodirect=0&ptsigx=a275f186cb0020c1c807e97363d0224e84e77aec70fa7614ea8cc32b247a582a34a8a039684b4b79aa2ed9ad5af961b6c187ff1ef7579a31639b3f0782bad388&s_url=http%3A%2F%2Fw.qq.com%2Fproxy.html%3Flogin2qq%3D1%26webqq_type%3D10&f_url=&ptlang=2052&ptredirect=100&aid=501004106&daid=164&j_later=0&low_login_hour=0&regmaster=0&pt_login_type=3&pt_aid=0&pt_aaid=16&pt_light=0&pt_3rd_aid=0', ',', '0', ',', '登录成功！', ', ', '\u3000', ');\r\n']
Wed, 16 Aug 2017 17:21:30  SmartQQ.py[line:319] CRITICAL 二维码已扫描，正在登陆
Wed, 16 Aug 2017 17:21:36  SmartQQ.py[line:109] ERROR Get mibao_res Url Error.
Wed, 16 Aug 2017 17:21:36  SmartQQ.py[line:334] INFO PTWebQQ: bb57da48118f9a92553d80480cf7488df509039e0b0aae66e44d3c367ba76159
Wed, 16 Aug 2017 17:21:36  SmartQQ.py[line:349] CRITICAL 登录失败，正在重试
Wed, 16 Aug 2017 17:21:36  SmartQQ.py[line:349] CRITICAL 登录失败，正在重试
Wed, 16 Aug 2017 17:21:36  SmartQQ.py[line:349] CRITICAL 登录失败，正在重试
Wed, 16 Aug 2017 17:21:36  SmartQQ.py[line:762] CRITICAL list indices must be integers or slices, not str
Wed, 16 Aug 2017 17:22:38  SmartQQ.py[line:274] CRITICAL 正在获取登陆页面
Wed, 16 Aug 2017 17:22:40  SmartQQ.py[line:277] CRITICAL 正在获取appid
Wed, 16 Aug 2017 17:22:40  SmartQQ.py[line:279] CRITICAL 正在获取login_sig
Wed, 16 Aug 2017 17:22:40  SmartQQ.py[line:281] INFO get sign : 
Wed, 16 Aug 2017 17:22:40  SmartQQ.py[line:282] CRITICAL 正在获取pt_version
Wed, 16 Aug 2017 17:22:40  SmartQQ.py[line:284] INFO get g_pt_version : 10227
Wed, 16 Aug 2017 17:22:40  SmartQQ.py[line:285] CRITICAL 正在获取mibao_css
Wed, 16 Aug 2017 17:22:40  SmartQQ.py[line:287] INFO get g_mibao_css : 
Wed, 16 Aug 2017 17:22:42  PngImagePlugin.py[line:135] DEBUG STREAM b'IHDR' 16 13
Wed, 16 Aug 2017 17:22:42  PngImagePlugin.py[line:135] DEBUG STREAM b'pHYs' 41 9
Wed, 16 Aug 2017 17:22:42  PngImagePlugin.py[line:135] DEBUG STREAM b'IDAT' 62 427
Wed, 16 Aug 2017 17:22:42  SmartQQ.py[line:298] INFO [1] Get QRCode Picture Success.
Wed, 16 Aug 2017 17:22:48  SmartQQ.py[line:315] INFO ['ptuiCB(', '0', ',', '0', ',', 'http://ptlogin2.web2.qq.com/check_sig?pttype=1&uin=2410915560&service=ptqrlogin&nodirect=0&ptsigx=f4a7133474e2fcd8c70c9f5f7a96fbde6c6a1cb01cd9ffa8a8c48f0f29a428aea33a1a6bac8a85a4cbde0c8b97b426e0a927ed1203340ebe46350606a1d4798f&s_url=http%3A%2F%2Fw.qq.com%2Fproxy.html%3Flogin2qq%3D1%26webqq_type%3D10&f_url=&ptlang=2052&ptredirect=100&aid=501004106&daid=164&j_later=0&low_login_hour=0&regmaster=0&pt_login_type=3&pt_aid=0&pt_aaid=16&pt_light=0&pt_3rd_aid=0', ',', '0', ',', '登录成功！', ', ', '\u3000', ');\r\n']
Wed, 16 Aug 2017 17:22:48  SmartQQ.py[line:319] CRITICAL 二维码已扫描，正在登陆
Wed, 16 Aug 2017 17:22:48  SmartQQ.py[line:109] ERROR Get mibao_res Url Error.
Wed, 16 Aug 2017 17:22:48  SmartQQ.py[line:334] INFO PTWebQQ: 6ccb65f2b75e4aea227824fa93f72d2b8c9872afd7ac3ff73922a5d2afbca82e
Wed, 16 Aug 2017 17:22:48  SmartQQ.py[line:349] CRITICAL 登录失败，正在重试
Wed, 16 Aug 2017 17:22:48  SmartQQ.py[line:349] CRITICAL 登录失败，正在重试
Wed, 16 Aug 2017 17:22:48  SmartQQ.py[line:349] CRITICAL 登录失败，正在重试
Wed, 16 Aug 2017 17:22:48  SmartQQ.py[line:762] CRITICAL list indices must be integers or slices, not str
Wed, 16 Aug 2017 17:27:15  SmartQQ.py[line:274] CRITICAL 正在获取登陆页面
Wed, 16 Aug 2017 17:27:17  SmartQQ.py[line:277] CRITICAL 正在获取appid
Wed, 16 Aug 2017 17:27:17  SmartQQ.py[line:279] CRITICAL 正在获取login_sig
Wed, 16 Aug 2017 17:27:17  SmartQQ.py[line:281] INFO get sign : 
Wed, 16 Aug 2017 17:27:17  SmartQQ.py[line:282] CRITICAL 正在获取pt_version
Wed, 16 Aug 2017 17:27:17  SmartQQ.py[line:284] INFO get g_pt_version : 10227
Wed, 16 Aug 2017 17:27:17  SmartQQ.py[line:285] CRITICAL 正在获取mibao_css
Wed, 16 Aug 2017 17:27:17  SmartQQ.py[line:287] INFO get g_mibao_css : 
Wed, 16 Aug 2017 17:27:18  PngImagePlugin.py[line:135] DEBUG STREAM b'IHDR' 16 13
Wed, 16 Aug 2017 17:27:18  PngImagePlugin.py[line:135] DEBUG STREAM b'pHYs' 41 9
Wed, 16 Aug 2017 17:27:18  PngImagePlugin.py[line:135] DEBUG STREAM b'IDAT' 62 426
Wed, 16 Aug 2017 17:27:18  SmartQQ.py[line:298] INFO [1] Get QRCode Picture Success.
Wed, 16 Aug 2017 17:27:26  SmartQQ.py[line:315] INFO ['ptuiCB(', '0', ',', '0', ',', 'http://ptlogin2.web2.qq.com/check_sig?pttype=1&uin=2410915560&service=ptqrlogin&nodirect=0&ptsigx=dadc539c0307d9ce08d1072bd1822e21074d7c7390d38fe1b7051b7a89f7ef1f401ea571a612ae33aae71e72639636bd034c357ac34da8765d8b02e2bcf41b90&s_url=http%3A%2F%2Fw.qq.com%2Fproxy.html%3Flogin2qq%3D1%26webqq_type%3D10&f_url=&ptlang=2052&ptredirect=100&aid=501004106&daid=164&j_later=0&low_login_hour=0&regmaster=0&pt_login_type=3&pt_aid=0&pt_aaid=16&pt_light=0&pt_3rd_aid=0', ',', '0', ',', '登录成功！', ', ', '\u3000', ');\r\n']
Wed, 16 Aug 2017 17:27:26  SmartQQ.py[line:319] CRITICAL 二维码已扫描，正在登陆
Wed, 16 Aug 2017 17:27:26  SmartQQ.py[line:109] ERROR Get mibao_res Url Error.
Wed, 16 Aug 2017 17:27:26  SmartQQ.py[line:334] INFO PTWebQQ: bdaa33c132e3ce26d0b234cfdbc3745eee8892b104ce44d25b482da68b9007e0
Wed, 16 Aug 2017 17:27:26  SmartQQ.py[line:349] CRITICAL 登录失败，正在重试
Wed, 16 Aug 2017 17:27:26  SmartQQ.py[line:349] CRITICAL 登录失败，正在重试
Wed, 16 Aug 2017 17:27:26  SmartQQ.py[line:349] CRITICAL 登录失败，正在重试
Wed, 16 Aug 2017 17:27:26  SmartQQ.py[line:762] CRITICAL list indices must be integers or slices, not str
Wed, 16 Aug 2017 17:38:54  SmartQQ.py[line:274] CRITICAL 正在获取登陆页面
Wed, 16 Aug 2017 17:38:57  SmartQQ.py[line:277] CRITICAL 正在获取appid
Wed, 16 Aug 2017 17:38:57  SmartQQ.py[line:279] CRITICAL 正在获取login_sig
Wed, 16 Aug 2017 17:38:57  SmartQQ.py[line:281] INFO get sign : 
Wed, 16 Aug 2017 17:38:57  SmartQQ.py[line:282] CRITICAL 正在获取pt_version
Wed, 16 Aug 2017 17:38:57  SmartQQ.py[line:284] INFO get g_pt_version : 10227
Wed, 16 Aug 2017 17:38:57  SmartQQ.py[line:285] CRITICAL 正在获取mibao_css
Wed, 16 Aug 2017 17:38:57  SmartQQ.py[line:287] INFO get g_mibao_css : 
Wed, 16 Aug 2017 17:38:57  PngImagePlugin.py[line:135] DEBUG STREAM b'IHDR' 16 13
Wed, 16 Aug 2017 17:38:57  PngImagePlugin.py[line:135] DEBUG STREAM b'pHYs' 41 9
Wed, 16 Aug 2017 17:38:57  PngImagePlugin.py[line:135] DEBUG STREAM b'IDAT' 62 415
Wed, 16 Aug 2017 17:38:58  SmartQQ.py[line:298] INFO [1] Get QRCode Picture Success.
Wed, 16 Aug 2017 17:39:05  SmartQQ.py[line:315] INFO ['ptuiCB(', '0', ',', '0', ',', 'http://ptlogin2.web2.qq.com/check_sig?pttype=1&uin=2410915560&service=ptqrlogin&nodirect=0&ptsigx=b341daf1404c3d0a34469960c8cb9efb3c6c025a81c91dafaa80e03b2cf68a8cd5bd8406b698b596d11a5c992cabe9826f4fed66327daed3e47661e00dc00d4b&s_url=http%3A%2F%2Fw.qq.com%2Fproxy.html%3Flogin2qq%3D1%26webqq_type%3D10&f_url=&ptlang=2052&ptredirect=100&aid=501004106&daid=164&j_later=0&low_login_hour=0&regmaster=0&pt_login_type=3&pt_aid=0&pt_aaid=16&pt_light=0&pt_3rd_aid=0', ',', '0', ',', '登录成功！', ', ', '\u3000', ');\r\n']
Wed, 16 Aug 2017 17:39:05  SmartQQ.py[line:319] CRITICAL 二维码已扫描，正在登陆
Wed, 16 Aug 2017 17:39:12  SmartQQ.py[line:109] ERROR Get mibao_res Url Error.
Wed, 16 Aug 2017 17:39:12  SmartQQ.py[line:334] INFO PTWebQQ: 01bfa1a305cc9364875600a320838831e6bd484dec7e4e5da2919908d7354c6a
Wed, 16 Aug 2017 17:39:12  SmartQQ.py[line:349] CRITICAL 登录失败，正在重试
Wed, 16 Aug 2017 17:39:13  SmartQQ.py[line:349] CRITICAL 登录失败，正在重试
Wed, 16 Aug 2017 17:39:13  SmartQQ.py[line:349] CRITICAL 登录失败，正在重试
Wed, 16 Aug 2017 17:39:13  SmartQQ.py[line:762] CRITICAL list indices must be integers or slices, not str
Wed, 16 Aug 2017 17:40:15  SmartQQ.py[line:274] CRITICAL 正在获取登陆页面
Wed, 16 Aug 2017 17:40:17  SmartQQ.py[line:277] CRITICAL 正在获取appid
Wed, 16 Aug 2017 17:40:17  SmartQQ.py[line:279] CRITICAL 正在获取login_sig
Wed, 16 Aug 2017 17:40:17  SmartQQ.py[line:281] INFO get sign : 
Wed, 16 Aug 2017 17:40:17  SmartQQ.py[line:282] CRITICAL 正在获取pt_version
Wed, 16 Aug 2017 17:40:17  SmartQQ.py[line:284] INFO get g_pt_version : 10227
Wed, 16 Aug 2017 17:40:17  SmartQQ.py[line:285] CRITICAL 正在获取mibao_css
Wed, 16 Aug 2017 17:40:17  SmartQQ.py[line:287] INFO get g_mibao_css : 
Wed, 16 Aug 2017 17:40:19  PngImagePlugin.py[line:135] DEBUG STREAM b'IHDR' 16 13
Wed, 16 Aug 2017 17:40:19  PngImagePlugin.py[line:135] DEBUG STREAM b'pHYs' 41 9
Wed, 16 Aug 2017 17:40:19  PngImagePlugin.py[line:135] DEBUG STREAM b'IDAT' 62 411
Wed, 16 Aug 2017 17:40:19  SmartQQ.py[line:298] INFO [1] Get QRCode Picture Success.
Wed, 16 Aug 2017 17:40:25  SmartQQ.py[line:315] INFO ['ptuiCB(', '0', ',', '0', ',', 'http://ptlogin2.web2.qq.com/check_sig?pttype=1&uin=2410915560&service=ptqrlogin&nodirect=0&ptsigx=79246a040dfe32883a22247aab5635d24d5348cc8bc13d8082bf83002e8e1714f0107cce44d9c59c749507e5a3a906fd635858842ec8bb5cbfa7bdd5c1948521&s_url=http%3A%2F%2Fw.qq.com%2Fproxy.html%3Flogin2qq%3D1%26webqq_type%3D10&f_url=&ptlang=2052&ptredirect=100&aid=501004106&daid=164&j_later=0&low_login_hour=0&regmaster=0&pt_login_type=3&pt_aid=0&pt_aaid=16&pt_light=0&pt_3rd_aid=0', ',', '0', ',', '登录成功！', ', ', '\u3000', ');\r\n']
Wed, 16 Aug 2017 17:40:25  SmartQQ.py[line:319] CRITICAL 二维码已扫描，正在登陆
Wed, 16 Aug 2017 17:41:25  SmartQQ.py[line:274] CRITICAL 正在获取登陆页面
Wed, 16 Aug 2017 17:42:07  SmartQQ.py[line:274] CRITICAL 正在获取登陆页面
Wed, 16 Aug 2017 17:42:09  SmartQQ.py[line:277] CRITICAL 正在获取appid
Wed, 16 Aug 2017 17:42:09  SmartQQ.py[line:279] CRITICAL 正在获取login_sig
Wed, 16 Aug 2017 17:42:09  SmartQQ.py[line:281] INFO get sign : 
Wed, 16 Aug 2017 17:42:09  SmartQQ.py[line:282] CRITICAL 正在获取pt_version
Wed, 16 Aug 2017 17:42:09  SmartQQ.py[line:284] INFO get g_pt_version : 10227
Wed, 16 Aug 2017 17:42:09  SmartQQ.py[line:285] CRITICAL 正在获取mibao_css
Wed, 16 Aug 2017 17:42:09  SmartQQ.py[line:287] INFO get g_mibao_css : 
Wed, 16 Aug 2017 17:42:10  PngImagePlugin.py[line:135] DEBUG STREAM b'IHDR' 16 13
Wed, 16 Aug 2017 17:42:10  PngImagePlugin.py[line:135] DEBUG STREAM b'pHYs' 41 9
Wed, 16 Aug 2017 17:42:10  PngImagePlugin.py[line:135] DEBUG STREAM b'IDAT' 62 416
Wed, 16 Aug 2017 17:42:10  SmartQQ.py[line:298] INFO [1] Get QRCode Picture Success.
Wed, 16 Aug 2017 17:42:21  SmartQQ.py[line:315] INFO ['ptuiCB(', '0', ',', '0', ',', 'http://ptlogin2.web2.qq.com/check_sig?pttype=1&uin=2410915560&service=ptqrlogin&nodirect=0&ptsigx=b3dae00b552b2dd8a186d8f6714f29f723881ac5ba95db9b7ff520a95fceab4af80ded7841b5e56b5f70f8a35f996630a0a53bbcc92614918955bc7e5a3a9a36&s_url=http%3A%2F%2Fw.qq.com%2Fproxy.html%3Flogin2qq%3D1%26webqq_type%3D10&f_url=&ptlang=2052&ptredirect=100&aid=501004106&daid=164&j_later=0&low_login_hour=0&regmaster=0&pt_login_type=3&pt_aid=0&pt_aaid=16&pt_light=0&pt_3rd_aid=0', ',', '0', ',', '登录成功！', ', ', '\u3000', ');\r\n']
Wed, 16 Aug 2017 17:42:21  SmartQQ.py[line:319] CRITICAL 二维码已扫描，正在登陆
Wed, 16 Aug 2017 17:42:22  SmartQQ.py[line:109] ERROR Get mibao_res Url Error.
Wed, 16 Aug 2017 17:42:22  SmartQQ.py[line:334] INFO PTWebQQ: f575ce44426c42fce9f7c27e0ef7ac66e8cbe0cc2000082b67b62f73e4ac4c3b
Wed, 16 Aug 2017 17:42:23  SmartQQ.py[line:350] CRITICAL 登录失败，正在重试
Wed, 16 Aug 2017 17:42:24  SmartQQ.py[line:350] CRITICAL 登录失败，正在重试
Wed, 16 Aug 2017 17:42:25  SmartQQ.py[line:350] CRITICAL 登录失败，正在重试
Wed, 16 Aug 2017 17:42:25  SmartQQ.py[line:763] CRITICAL list indices must be integers or slices, not str
Wed, 16 Aug 2017 17:44:50  SmartQQ.py[line:274] CRITICAL 正在获取登陆页面
Wed, 16 Aug 2017 17:44:57  SmartQQ.py[line:277] CRITICAL 正在获取appid
Wed, 16 Aug 2017 17:44:57  SmartQQ.py[line:279] CRITICAL 正在获取login_sig
Wed, 16 Aug 2017 17:44:57  SmartQQ.py[line:281] INFO get sign : 
Wed, 16 Aug 2017 17:44:57  SmartQQ.py[line:282] CRITICAL 正在获取pt_version
Wed, 16 Aug 2017 17:44:57  SmartQQ.py[line:284] INFO get g_pt_version : 10227
Wed, 16 Aug 2017 17:44:57  SmartQQ.py[line:285] CRITICAL 正在获取mibao_css
Wed, 16 Aug 2017 17:44:57  SmartQQ.py[line:287] INFO get g_mibao_css : 
Wed, 16 Aug 2017 17:44:58  PngImagePlugin.py[line:135] DEBUG STREAM b'IHDR' 16 13
Wed, 16 Aug 2017 17:44:58  PngImagePlugin.py[line:135] DEBUG STREAM b'pHYs' 41 9
Wed, 16 Aug 2017 17:44:58  PngImagePlugin.py[line:135] DEBUG STREAM b'IDAT' 62 426
Wed, 16 Aug 2017 17:44:58  SmartQQ.py[line:298] INFO [1] Get QRCode Picture Success.
Wed, 16 Aug 2017 17:45:03  SmartQQ.py[line:315] INFO ['ptuiCB(', '0', ',', '0', ',', 'http://ptlogin2.web2.qq.com/check_sig?pttype=1&uin=2410915560&service=ptqrlogin&nodirect=0&ptsigx=b971b341a0be46605fab4652d2b32da33b36f24d5d3e3da90f6bf7656497a48f03fb5a5502e44268585b5c7a23a7e11efa5c5f2d8070da7d518a0e418eb5f1dc&s_url=http%3A%2F%2Fw.qq.com%2Fproxy.html%3Flogin2qq%3D1%26webqq_type%3D10&f_url=&ptlang=2052&ptredirect=100&aid=501004106&daid=164&j_later=0&low_login_hour=0&regmaster=0&pt_login_type=3&pt_aid=0&pt_aaid=16&pt_light=0&pt_3rd_aid=0', ',', '0', ',', '登录成功！', ', ', '\u3000', ');\r\n']
Wed, 16 Aug 2017 17:45:03  SmartQQ.py[line:319] CRITICAL 二维码已扫描，正在登陆
Wed, 16 Aug 2017 17:45:04  SmartQQ.py[line:109] ERROR Get mibao_res Url Error.
Wed, 16 Aug 2017 17:45:04  SmartQQ.py[line:334] INFO PTWebQQ: 2c9b67283efb3e9cfc27621d17625dc17bd966bf1677b67b297daef2956a4e4e
Wed, 16 Aug 2017 17:45:05  SmartQQ.py[line:349] CRITICAL 登录失败，正在重试
Wed, 16 Aug 2017 17:45:11  SmartQQ.py[line:349] CRITICAL 登录失败，正在重试
Wed, 16 Aug 2017 17:45:16  SmartQQ.py[line:349] CRITICAL 登录失败，正在重试
Wed, 16 Aug 2017 17:45:16  SmartQQ.py[line:762] CRITICAL list indices must be integers or slices, not str
Wed, 16 Aug 2017 17:47:44  SmartQQ.py[line:274] CRITICAL 正在获取登陆页面
Wed, 16 Aug 2017 17:47:53  SmartQQ.py[line:277] CRITICAL 正在获取appid
Wed, 16 Aug 2017 17:47:53  SmartQQ.py[line:279] CRITICAL 正在获取login_sig
Wed, 16 Aug 2017 17:47:53  SmartQQ.py[line:281] INFO get sign : 
Wed, 16 Aug 2017 17:47:53  SmartQQ.py[line:282] CRITICAL 正在获取pt_version
Wed, 16 Aug 2017 17:47:53  SmartQQ.py[line:284] INFO get g_pt_version : 10227
Wed, 16 Aug 2017 17:47:53  SmartQQ.py[line:285] CRITICAL 正在获取mibao_css
Wed, 16 Aug 2017 17:47:53  SmartQQ.py[line:287] INFO get g_mibao_css : 
Wed, 16 Aug 2017 17:47:55  PngImagePlugin.py[line:135] DEBUG STREAM b'IHDR' 16 13
Wed, 16 Aug 2017 17:47:55  PngImagePlugin.py[line:135] DEBUG STREAM b'pHYs' 41 9
Wed, 16 Aug 2017 17:47:55  PngImagePlugin.py[line:135] DEBUG STREAM b'IDAT' 62 414
Wed, 16 Aug 2017 17:47:55  SmartQQ.py[line:298] INFO [1] Get QRCode Picture Success.
Wed, 16 Aug 2017 17:48:03  SmartQQ.py[line:315] INFO ['ptuiCB(', '0', ',', '0', ',', 'http://ptlogin2.web2.qq.com/check_sig?pttype=1&uin=2410915560&service=ptqrlogin&nodirect=0&ptsigx=99f8d1bb3b3ebbf6815bd75dde8925ca24488ed02405f49807665c5e096b8babbef015502b982ac6dad608337f60b0a740594617f15b723a81447bf59038b12c&s_url=http%3A%2F%2Fw.qq.com%2Fproxy.html%3Flogin2qq%3D1%26webqq_type%3D10&f_url=&ptlang=2052&ptredirect=100&aid=501004106&daid=164&j_later=0&low_login_hour=0&regmaster=0&pt_login_type=3&pt_aid=0&pt_aaid=16&pt_light=0&pt_3rd_aid=0', ',', '0', ',', '登录成功！', ', ', '\u3000', ');\r\n']
Wed, 16 Aug 2017 17:48:03  SmartQQ.py[line:319] CRITICAL 二维码已扫描，正在登陆
Wed, 16 Aug 2017 17:48:05  SmartQQ.py[line:109] ERROR Get mibao_res Url Error.
Wed, 16 Aug 2017 17:48:05  SmartQQ.py[line:334] INFO PTWebQQ: bc50d17517170a29dd9083e59c2f6d59d50777f1a394989ace7ed9f8d99d00a3
Wed, 16 Aug 2017 17:48:06  SmartQQ.py[line:350] CRITICAL 登录失败，正在重试
Wed, 16 Aug 2017 17:48:06  SmartQQ.py[line:350] CRITICAL 登录失败，正在重试
Wed, 16 Aug 2017 17:48:07  SmartQQ.py[line:350] CRITICAL 登录失败，正在重试
Wed, 16 Aug 2017 17:48:07  SmartQQ.py[line:763] CRITICAL list indices must be integers or slices, not str
Wed, 16 Aug 2017 17:48:19  SmartQQ.py[line:274] CRITICAL 正在获取登陆页面
Wed, 16 Aug 2017 17:48:21  SmartQQ.py[line:277] CRITICAL 正在获取appid
Wed, 16 Aug 2017 17:48:21  SmartQQ.py[line:279] CRITICAL 正在获取login_sig
Wed, 16 Aug 2017 17:48:21  SmartQQ.py[line:281] INFO get sign : 
Wed, 16 Aug 2017 17:48:21  SmartQQ.py[line:282] CRITICAL 正在获取pt_version
Wed, 16 Aug 2017 17:48:21  SmartQQ.py[line:284] INFO get g_pt_version : 10227
Wed, 16 Aug 2017 17:48:21  SmartQQ.py[line:285] CRITICAL 正在获取mibao_css
Wed, 16 Aug 2017 17:48:21  SmartQQ.py[line:287] INFO get g_mibao_css : 
Wed, 16 Aug 2017 17:48:24  PngImagePlugin.py[line:135] DEBUG STREAM b'IHDR' 16 13
Wed, 16 Aug 2017 17:48:24  PngImagePlugin.py[line:135] DEBUG STREAM b'pHYs' 41 9
Wed, 16 Aug 2017 17:48:24  PngImagePlugin.py[line:135] DEBUG STREAM b'IDAT' 62 429
Wed, 16 Aug 2017 17:48:24  SmartQQ.py[line:298] INFO [1] Get QRCode Picture Success.
Wed, 16 Aug 2017 17:48:32  SmartQQ.py[line:315] INFO ['ptuiCB(', '0', ',', '0', ',', 'http://ptlogin2.web2.qq.com/check_sig?pttype=1&uin=2410915560&service=ptqrlogin&nodirect=0&ptsigx=a0bd78027fde03924dd441314fba4914db574dded78c0b821f387b64899b872355ef32148868d1b578ea9fb5b7c43ed4de1df02e50a680c3d54d0a958f42859d&s_url=http%3A%2F%2Fw.qq.com%2Fproxy.html%3Flogin2qq%3D1%26webqq_type%3D10&f_url=&ptlang=2052&ptredirect=100&aid=501004106&daid=164&j_later=0&low_login_hour=0&regmaster=0&pt_login_type=3&pt_aid=0&pt_aaid=16&pt_light=0&pt_3rd_aid=0', ',', '0', ',', '登录成功！', ', ', '\u3000', ');\r\n']
Wed, 16 Aug 2017 17:48:32  SmartQQ.py[line:319] CRITICAL 二维码已扫描，正在登陆
Wed, 16 Aug 2017 17:48:34  SmartQQ.py[line:109] ERROR Get mibao_res Url Error.
Wed, 16 Aug 2017 17:48:34  SmartQQ.py[line:334] INFO PTWebQQ: 6b0812f9b5680d8c12f1063c001de6c1584b2f5c6b85a88c6dfecbb8cd5bd5cf
Wed, 16 Aug 2017 17:48:35  SmartQQ.py[line:350] CRITICAL 登录失败，正在重试
Wed, 16 Aug 2017 17:48:36  SmartQQ.py[line:350] CRITICAL 登录失败，正在重试
Wed, 16 Aug 2017 17:48:36  SmartQQ.py[line:350] CRITICAL 登录失败，正在重试
Wed, 16 Aug 2017 17:48:36  SmartQQ.py[line:763] CRITICAL list indices must be integers or slices, not str
Wed, 16 Aug 2017 17:49:17  SmartQQ.py[line:274] CRITICAL 正在获取登陆页面
Wed, 16 Aug 2017 17:49:19  SmartQQ.py[line:277] CRITICAL 正在获取appid
Wed, 16 Aug 2017 17:49:19  SmartQQ.py[line:279] CRITICAL 正在获取login_sig
Wed, 16 Aug 2017 17:49:19  SmartQQ.py[line:281] INFO get sign : 
Wed, 16 Aug 2017 17:49:19  SmartQQ.py[line:282] CRITICAL 正在获取pt_version
Wed, 16 Aug 2017 17:49:19  SmartQQ.py[line:284] INFO get g_pt_version : 10227
Wed, 16 Aug 2017 17:49:19  SmartQQ.py[line:285] CRITICAL 正在获取mibao_css
Wed, 16 Aug 2017 17:49:19  SmartQQ.py[line:287] INFO get g_mibao_css : 
Wed, 16 Aug 2017 17:49:20  PngImagePlugin.py[line:135] DEBUG STREAM b'IHDR' 16 13
Wed, 16 Aug 2017 17:49:20  PngImagePlugin.py[line:135] DEBUG STREAM b'pHYs' 41 9
Wed, 16 Aug 2017 17:49:20  PngImagePlugin.py[line:135] DEBUG STREAM b'IDAT' 62 414
Wed, 16 Aug 2017 17:49:20  SmartQQ.py[line:298] INFO [1] Get QRCode Picture Success.
Wed, 16 Aug 2017 17:49:36  SmartQQ.py[line:315] INFO ['ptuiCB(', '0', ',', '0', ',', 'http://ptlogin2.web2.qq.com/check_sig?pttype=1&uin=2410915560&service=ptqrlogin&nodirect=0&ptsigx=18e05131b748ad3e9b868aae3f9525149e08a9b3b6d7f78a7ab1bec82a43d444d2a6d83dd376e9b764fae16723d289cae7883f49df252f983cc85e04d85027a3&s_url=http%3A%2F%2Fw.qq.com%2Fproxy.html%3Flogin2qq%3D1%26webqq_type%3D10&f_url=&ptlang=2052&ptredirect=100&aid=501004106&daid=164&j_later=0&low_login_hour=0&regmaster=0&pt_login_type=3&pt_aid=0&pt_aaid=16&pt_light=0&pt_3rd_aid=0', ',', '0', ',', '登录成功！', ', ', '\u3000', ');\r\n']
Wed, 16 Aug 2017 17:49:36  SmartQQ.py[line:319] CRITICAL 二维码已扫描，正在登陆
Wed, 16 Aug 2017 17:49:42  SmartQQ.py[line:109] ERROR Get mibao_res Url Error.
Wed, 16 Aug 2017 17:49:42  SmartQQ.py[line:334] INFO PTWebQQ: ae1d128712ad08190264426f6a61ec9b1cdb17ed25c7e2b78fddfb6e10f4d965
Wed, 16 Aug 2017 17:49:49  SmartQQ.py[line:349] CRITICAL 登录失败，正在重试
Wed, 16 Aug 2017 17:49:51  SmartQQ.py[line:349] CRITICAL 登录失败，正在重试
Wed, 16 Aug 2017 17:49:51  SmartQQ.py[line:349] CRITICAL 登录失败，正在重试
Wed, 16 Aug 2017 17:49:51  SmartQQ.py[line:762] CRITICAL list indices must be integers or slices, not str
Wed, 16 Aug 2017 17:53:05  SmartQQ.py[line:274] CRITICAL 正在获取登陆页面
Wed, 16 Aug 2017 17:53:08  SmartQQ.py[line:277] CRITICAL 正在获取appid
Wed, 16 Aug 2017 17:53:08  SmartQQ.py[line:279] CRITICAL 正在获取login_sig
Wed, 16 Aug 2017 17:53:08  SmartQQ.py[line:281] INFO get sign : 
Wed, 16 Aug 2017 17:53:08  SmartQQ.py[line:282] CRITICAL 正在获取pt_version
Wed, 16 Aug 2017 17:53:08  SmartQQ.py[line:284] INFO get g_pt_version : 10227
Wed, 16 Aug 2017 17:53:08  SmartQQ.py[line:285] CRITICAL 正在获取mibao_css
Wed, 16 Aug 2017 17:53:08  SmartQQ.py[line:287] INFO get g_mibao_css : 
Wed, 16 Aug 2017 17:53:09  PngImagePlugin.py[line:135] DEBUG STREAM b'IHDR' 16 13
Wed, 16 Aug 2017 17:53:09  PngImagePlugin.py[line:135] DEBUG STREAM b'pHYs' 41 9
Wed, 16 Aug 2017 17:53:09  PngImagePlugin.py[line:135] DEBUG STREAM b'IDAT' 62 422
Wed, 16 Aug 2017 17:53:09  SmartQQ.py[line:298] INFO [1] Get QRCode Picture Success.
Wed, 16 Aug 2017 17:53:22  SmartQQ.py[line:315] INFO ['ptuiCB(', '0', ',', '0', ',', 'http://ptlogin2.web2.qq.com/check_sig?pttype=1&uin=2410915560&service=ptqrlogin&nodirect=0&ptsigx=bed5237a82eb3a1e18c911f98cbbeab3698a7c273cae4701bfbf04d5b2def5f355189351c28d126fb769d9d0e472320a786c2324188a5d889f3b850642063dfd&s_url=http%3A%2F%2Fw.qq.com%2Fproxy.html%3Flogin2qq%3D1%26webqq_type%3D10&f_url=&ptlang=2052&ptredirect=100&aid=501004106&daid=164&j_later=0&low_login_hour=0&regmaster=0&pt_login_type=3&pt_aid=0&pt_aaid=16&pt_light=0&pt_3rd_aid=0', ',', '0', ',', '登录成功！', ', ', '\u3000', ');\r\n']
Wed, 16 Aug 2017 17:53:22  SmartQQ.py[line:319] CRITICAL 二维码已扫描，正在登陆
Wed, 16 Aug 2017 17:54:08  SmartQQ.py[line:274] CRITICAL 正在获取登陆页面
Wed, 16 Aug 2017 17:54:17  SmartQQ.py[line:277] CRITICAL 正在获取appid
Wed, 16 Aug 2017 17:54:17  SmartQQ.py[line:279] CRITICAL 正在获取login_sig
Wed, 16 Aug 2017 17:54:17  SmartQQ.py[line:281] INFO get sign : 
Wed, 16 Aug 2017 17:54:17  SmartQQ.py[line:282] CRITICAL 正在获取pt_version
Wed, 16 Aug 2017 17:54:17  SmartQQ.py[line:284] INFO get g_pt_version : 10227
Wed, 16 Aug 2017 17:54:17  SmartQQ.py[line:285] CRITICAL 正在获取mibao_css
Wed, 16 Aug 2017 17:54:17  SmartQQ.py[line:287] INFO get g_mibao_css : 
Wed, 16 Aug 2017 17:54:17  PngImagePlugin.py[line:135] DEBUG STREAM b'IHDR' 16 13
Wed, 16 Aug 2017 17:54:17  PngImagePlugin.py[line:135] DEBUG STREAM b'pHYs' 41 9
Wed, 16 Aug 2017 17:54:17  PngImagePlugin.py[line:135] DEBUG STREAM b'IDAT' 62 415
Wed, 16 Aug 2017 17:54:17  SmartQQ.py[line:298] INFO [1] Get QRCode Picture Success.
Wed, 16 Aug 2017 17:54:24  SmartQQ.py[line:315] INFO ['ptuiCB(', '0', ',', '0', ',', 'http://ptlogin2.web2.qq.com/check_sig?pttype=1&uin=2410915560&service=ptqrlogin&nodirect=0&ptsigx=450d2819215cc1de44de75e427284dafa9c10cddfe9811dc8c07886b123bbc08ad16dba5f01f0737228babfd95ed8ab1cd211cce1f812a467eeccf8b14c922e0&s_url=http%3A%2F%2Fw.qq.com%2Fproxy.html%3Flogin2qq%3D1%26webqq_type%3D10&f_url=&ptlang=2052&ptredirect=100&aid=501004106&daid=164&j_later=0&low_login_hour=0&regmaster=0&pt_login_type=3&pt_aid=0&pt_aaid=16&pt_light=0&pt_3rd_aid=0', ',', '0', ',', '登录成功！', ', ', '\u3000', ');\r\n']
Wed, 16 Aug 2017 17:54:24  SmartQQ.py[line:319] CRITICAL 二维码已扫描，正在登陆
Wed, 16 Aug 2017 19:13:42  SmartQQ.py[line:274] CRITICAL 正在获取登陆页面
Wed, 16 Aug 2017 19:28:17  SmartQQ.py[line:274] CRITICAL 正在获取登陆页面
Wed, 16 Aug 2017 19:28:17  SmartQQ.py[line:277] CRITICAL 正在获取appid
Wed, 16 Aug 2017 19:28:17  SmartQQ.py[line:279] CRITICAL 正在获取login_sig
Wed, 16 Aug 2017 19:28:17  SmartQQ.py[line:281] INFO get sign : 
Wed, 16 Aug 2017 19:28:17  SmartQQ.py[line:282] CRITICAL 正在获取pt_version
Wed, 16 Aug 2017 19:28:17  SmartQQ.py[line:284] INFO get g_pt_version : 10227
Wed, 16 Aug 2017 19:28:17  SmartQQ.py[line:285] CRITICAL 正在获取mibao_css
Wed, 16 Aug 2017 19:28:17  SmartQQ.py[line:287] INFO get g_mibao_css : 
Wed, 16 Aug 2017 19:28:18  PngImagePlugin.py[line:135] DEBUG STREAM b'IHDR' 16 13
Wed, 16 Aug 2017 19:28:18  PngImagePlugin.py[line:135] DEBUG STREAM b'pHYs' 41 9
Wed, 16 Aug 2017 19:28:18  PngImagePlugin.py[line:135] DEBUG STREAM b'IDAT' 62 405
Wed, 16 Aug 2017 19:28:18  SmartQQ.py[line:298] INFO [1] Get QRCode Picture Success.
Wed, 16 Aug 2017 20:22:11  SmartQQ.py[line:274] CRITICAL 正在获取登陆页面
Wed, 16 Aug 2017 20:22:31  SmartQQ.py[line:764] CRITICAL <urlopen error [Errno -3] Temporary failure in name resolution>
Wed, 16 Aug 2017 20:28:53  SmartQQ.py[line:274] CRITICAL 正在获取登陆页面
Wed, 16 Aug 2017 20:28:54  SmartQQ.py[line:277] CRITICAL 正在获取appid
Wed, 16 Aug 2017 20:28:54  SmartQQ.py[line:279] CRITICAL 正在获取login_sig
Wed, 16 Aug 2017 20:28:54  SmartQQ.py[line:281] INFO get sign : 
Wed, 16 Aug 2017 20:28:54  SmartQQ.py[line:282] CRITICAL 正在获取pt_version
Wed, 16 Aug 2017 20:28:54  SmartQQ.py[line:284] INFO get g_pt_version : 10227
Wed, 16 Aug 2017 20:28:54  SmartQQ.py[line:285] CRITICAL 正在获取mibao_css
Wed, 16 Aug 2017 20:28:54  SmartQQ.py[line:287] INFO get g_mibao_css : 
Wed, 16 Aug 2017 20:28:54  PngImagePlugin.py[line:135] DEBUG STREAM b'IHDR' 16 13
Wed, 16 Aug 2017 20:28:54  PngImagePlugin.py[line:135] DEBUG STREAM b'pHYs' 41 9
Wed, 16 Aug 2017 20:28:54  PngImagePlugin.py[line:135] DEBUG STREAM b'IDAT' 62 413
Wed, 16 Aug 2017 20:28:54  SmartQQ.py[line:298] INFO [1] Get QRCode Picture Success.
Wed, 16 Aug 2017 20:29:03  SmartQQ.py[line:315] INFO ['ptuiCB(', '0', ',', '0', ',', 'http://ptlogin2.web2.qq.com/check_sig?pttype=1&uin=2410915560&service=ptqrlogin&nodirect=0&ptsigx=9683e4e16bedc0c2f2eaf16c82e4e17b02cbb07e361917e36b5434909487c0fa5561b0478878a0da864e07a3640fe41fcc9979c4a3637186628b99fc491edd15&s_url=http%3A%2F%2Fw.qq.com%2Fproxy.html%3Flogin2qq%3D1%26webqq_type%3D10&f_url=&ptlang=2052&ptredirect=100&aid=501004106&daid=164&j_later=0&low_login_hour=0&regmaster=0&pt_login_type=3&pt_aid=0&pt_aaid=16&pt_light=0&pt_3rd_aid=0', ',', '0', ',', '登录成功！', ', ', '\u3000', ');\r\n']
Wed, 16 Aug 2017 20:29:03  SmartQQ.py[line:319] CRITICAL 二维码已扫描，正在登陆
Wed, 16 Aug 2017 20:29:05  SmartQQ.py[line:109] ERROR Get mibao_res Url Error.
Wed, 16 Aug 2017 20:29:05  SmartQQ.py[line:334] INFO PTWebQQ: 26c3be5fbcf8fb724850b39742870d78930d79457eb876d26872e63630c1af1b
Wed, 16 Aug 2017 20:29:06  SmartQQ.py[line:344] INFO getvfwebqq html:  {"retcode":0,"result":{"vfwebqq":"479ca581c0d9e4a2d5652b3e641299b02afb2f629df744b88540dff90d5e8b4ec206b398ba46a49c"}}
Wed, 16 Aug 2017 20:29:06  SmartQQ.py[line:360] INFO Login success
Wed, 16 Aug 2017 20:29:06  SmartQQ.py[line:361] CRITICAL 登陆二维码用时2.912秒
Wed, 16 Aug 2017 20:29:06  SmartQQ.py[line:779] ERROR 读取组存档出错:[Errno 2] No such file or directory: 'groupfollow.txt'
Wed, 16 Aug 2017 20:29:08  SmartQQ.py[line:453] INFO Check html: {"errmsg":"error","retcode":103}
Wed, 16 Aug 2017 20:29:09  SmartQQ.py[line:453] INFO Check html: {"errmsg":"error","retcode":103}
Wed, 16 Aug 2017 20:29:11  SmartQQ.py[line:453] INFO Check html: {"errmsg":"error","retcode":103}
Wed, 16 Aug 2017 20:29:13  SmartQQ.py[line:453] INFO Check html: {"errmsg":"error","retcode":103}
Wed, 16 Aug 2017 20:29:14  SmartQQ.py[line:453] INFO Check html: {"errmsg":"error","retcode":103}
Wed, 16 Aug 2017 21:42:58  connectionpool.py[line:208] INFO Starting new HTTP connection (1): w.qq.com
Wed, 16 Aug 2017 21:42:58  connectionpool.py[line:388] DEBUG "GET / HTTP/1.1" 200 None
Wed, 16 Aug 2017 21:42:58  connectionpool.py[line:761] INFO Starting new HTTPS connection (1): ui.ptlogin2.qq.com
Wed, 16 Aug 2017 21:42:58  connectionpool.py[line:388] DEBUG "GET /cgi-bin/login?daid=164&target=self&style=16&mibao_css=m_webqq&appid=501004106&enable_qlogin=0&no_verifyimg=1&s_url=http%3A%2F%2Fw.qq.com%2Fproxy.html&f_url=loginerroralert&strong_login=1&login_state=10&t=20131024001 HTTP/1.1" 200 15254
Wed, 16 Aug 2017 21:42:59  connectionpool.py[line:761] INFO Starting new HTTPS connection (1): ssl.ptlogin2.qq.com
Wed, 16 Aug 2017 21:42:59  connectionpool.py[line:388] DEBUG "GET /ptqrshow?appid=501004106&e=0&l=M&s=5&d=72&v=4&t=0.08361060425046653 HTTP/1.1" 200 496
Wed, 16 Aug 2017 21:42:59  PngImagePlugin.py[line:135] DEBUG STREAM b'IHDR' 16 13
Wed, 16 Aug 2017 21:42:59  PngImagePlugin.py[line:135] DEBUG STREAM b'pHYs' 41 9
Wed, 16 Aug 2017 21:42:59  PngImagePlugin.py[line:135] DEBUG STREAM b'IDAT' 62 418
Wed, 16 Aug 2017 21:43:00  connectionpool.py[line:388] DEBUG "GET /ptqrlogin?ptqrtoken=1077987721&webqq_type=10&remember_uin=1&login2qq=1&aid=501004106&u1=http%3A%2F%2Fw.qq.com%2Fproxy.html%3Flogin2qq%3D1%26webqq_type%3D10&ptredirect=0&ptlang=2052&daid=164&from_ui=1&pttype=1&dumy=&fp=loginerroralert&action=0-0-0&mibao_css=m_webqq&t=1&g=1&js_type=0&js_ver=10227&login_sig=&pt_randsalt=2 HTTP/1.1" 200 66
Wed, 16 Aug 2017 21:43:02  connectionpool.py[line:388] DEBUG "GET /ptqrlogin?ptqrtoken=1077987721&webqq_type=10&remember_uin=1&login2qq=1&aid=501004106&u1=http%3A%2F%2Fw.qq.com%2Fproxy.html%3Flogin2qq%3D1%26webqq_type%3D10&ptredirect=0&ptlang=2052&daid=164&from_ui=1&pttype=1&dumy=&fp=loginerroralert&action=0-0-3000&mibao_css=m_webqq&t=1&g=1&js_type=0&js_ver=10227&login_sig=&pt_randsalt=2 HTTP/1.1" 200 66
Wed, 16 Aug 2017 21:43:04  connectionpool.py[line:388] DEBUG "GET /ptqrlogin?ptqrtoken=1077987721&webqq_type=10&remember_uin=1&login2qq=1&aid=501004106&u1=http%3A%2F%2Fw.qq.com%2Fproxy.html%3Flogin2qq%3D1%26webqq_type%3D10&ptredirect=0&ptlang=2052&daid=164&from_ui=1&pttype=1&dumy=&fp=loginerroralert&action=0-0-5000&mibao_css=m_webqq&t=1&g=1&js_type=0&js_ver=10227&login_sig=&pt_randsalt=2 HTTP/1.1" 200 66
Wed, 16 Aug 2017 21:43:06  connectionpool.py[line:388] DEBUG "GET /ptqrlogin?ptqrtoken=1077987721&webqq_type=10&remember_uin=1&login2qq=1&aid=501004106&u1=http%3A%2F%2Fw.qq.com%2Fproxy.html%3Flogin2qq%3D1%26webqq_type%3D10&ptredirect=0&ptlang=2052&daid=164&from_ui=1&pttype=1&dumy=&fp=loginerroralert&action=0-0-7000&mibao_css=m_webqq&t=1&g=1&js_type=0&js_ver=10227&login_sig=&pt_randsalt=2 HTTP/1.1" 200 66
Wed, 16 Aug 2017 21:43:08  connectionpool.py[line:388] DEBUG "GET /ptqrlogin?ptqrtoken=1077987721&webqq_type=10&remember_uin=1&login2qq=1&aid=501004106&u1=http%3A%2F%2Fw.qq.com%2Fproxy.html%3Flogin2qq%3D1%26webqq_type%3D10&ptredirect=0&ptlang=2052&daid=164&from_ui=1&pttype=1&dumy=&fp=loginerroralert&action=0-0-9000&mibao_css=m_webqq&t=1&g=1&js_type=0&js_ver=10227&login_sig=&pt_randsalt=2 HTTP/1.1" 200 66
Wed, 16 Aug 2017 21:43:10  connectionpool.py[line:388] DEBUG "GET /ptqrlogin?ptqrtoken=1077987721&webqq_type=10&remember_uin=1&login2qq=1&aid=501004106&u1=http%3A%2F%2Fw.qq.com%2Fproxy.html%3Flogin2qq%3D1%26webqq_type%3D10&ptredirect=0&ptlang=2052&daid=164&from_ui=1&pttype=1&dumy=&fp=loginerroralert&action=0-0-11000&mibao_css=m_webqq&t=1&g=1&js_type=0&js_ver=10227&login_sig=&pt_randsalt=2 HTTP/1.1" 200 66
Wed, 16 Aug 2017 21:43:12  connectionpool.py[line:388] DEBUG "GET /ptqrlogin?ptqrtoken=1077987721&webqq_type=10&remember_uin=1&login2qq=1&aid=501004106&u1=http%3A%2F%2Fw.qq.com%2Fproxy.html%3Flogin2qq%3D1%26webqq_type%3D10&ptredirect=0&ptlang=2052&daid=164&from_ui=1&pttype=1&dumy=&fp=loginerroralert&action=0-0-13000&mibao_css=m_webqq&t=1&g=1&js_type=0&js_ver=10227&login_sig=&pt_randsalt=2 HTTP/1.1" 200 65
Wed, 16 Aug 2017 21:43:14  connectionpool.py[line:388] DEBUG "GET /ptqrlogin?ptqrtoken=1077987721&webqq_type=10&remember_uin=1&login2qq=1&aid=501004106&u1=http%3A%2F%2Fw.qq.com%2Fproxy.html%3Flogin2qq%3D1%26webqq_type%3D10&ptredirect=0&ptlang=2052&daid=164&from_ui=1&pttype=1&dumy=&fp=loginerroralert&action=0-0-15000&mibao_css=m_webqq&t=1&g=1&js_type=0&js_ver=10227&login_sig=&pt_randsalt=2 HTTP/1.1" 200 66
Wed, 16 Aug 2017 21:43:16  connectionpool.py[line:388] DEBUG "GET /ptqrlogin?ptqrtoken=1077987721&webqq_type=10&remember_uin=1&login2qq=1&aid=501004106&u1=http%3A%2F%2Fw.qq.com%2Fproxy.html%3Flogin2qq%3D1%26webqq_type%3D10&ptredirect=0&ptlang=2052&daid=164&from_ui=1&pttype=1&dumy=&fp=loginerroralert&action=0-0-17000&mibao_css=m_webqq&t=1&g=1&js_type=0&js_ver=10227&login_sig=&pt_randsalt=2 HTTP/1.1" 200 65
Wed, 16 Aug 2017 21:43:18  connectionpool.py[line:388] DEBUG "GET /ptqrlogin?ptqrtoken=1077987721&webqq_type=10&remember_uin=1&login2qq=1&aid=501004106&u1=http%3A%2F%2Fw.qq.com%2Fproxy.html%3Flogin2qq%3D1%26webqq_type%3D10&ptredirect=0&ptlang=2052&daid=164&from_ui=1&pttype=1&dumy=&fp=loginerroralert&action=0-0-19000&mibao_css=m_webqq&t=1&g=1&js_type=0&js_ver=10227&login_sig=&pt_randsalt=2 HTTP/1.1" 200 66
Wed, 16 Aug 2017 21:43:20  connectionpool.py[line:388] DEBUG "GET /ptqrlogin?ptqrtoken=1077987721&webqq_type=10&remember_uin=1&login2qq=1&aid=501004106&u1=http%3A%2F%2Fw.qq.com%2Fproxy.html%3Flogin2qq%3D1%26webqq_type%3D10&ptredirect=0&ptlang=2052&daid=164&from_ui=1&pttype=1&dumy=&fp=loginerroralert&action=0-0-21000&mibao_css=m_webqq&t=1&g=1&js_type=0&js_ver=10227&login_sig=&pt_randsalt=2 HTTP/1.1" 200 None
Wed, 16 Aug 2017 21:43:20  connectionpool.py[line:208] INFO Starting new HTTP connection (1): ptlogin2.web2.qq.com
Wed, 16 Aug 2017 21:43:20  connectionpool.py[line:388] DEBUG "GET /check_sig?pttype=1&uin=2410915560&service=ptqrlogin&nodirect=0&ptsigx=ac08269c7fe16d274615c2e37916ab0b094b6bc872d80c007b19dd749d340737097c5c916ba3f10c1ff576ce6f89184a083f572b2fa8aae210c2bd40d646ccaa&s_url=http%3A%2F%2Fw.qq.com%2Fproxy.html%3Flogin2qq%3D1%26webqq_type%3D10&f_url=&ptlang=2052&ptredirect=100&aid=501004106&daid=164&j_later=0&low_login_hour=0&regmaster=0&pt_login_type=3&pt_aid=0&pt_aaid=16&pt_light=0&pt_3rd_aid=0 HTTP/1.1" 302 None
Wed, 16 Aug 2017 21:43:21  connectionpool.py[line:388] DEBUG "GET /proxy.html?login2qq=1&webqq_type=10 HTTP/1.1" 200 None
Wed, 16 Aug 2017 21:43:21  SmartQQ2.py[line:109] ERROR Get mibao_res Url Error.
Wed, 16 Aug 2017 21:43:21  connectionpool.py[line:208] INFO Starting new HTTP connection (1): d1.web2.qq.com
Wed, 16 Aug 2017 21:43:21  connectionpool.py[line:388] DEBUG "POST /channel/login2 HTTP/1.1" 200 None
Wed, 16 Aug 2017 21:43:21  connectionpool.py[line:208] INFO Starting new HTTP connection (1): s.web2.qq.com
Wed, 16 Aug 2017 21:43:21  connectionpool.py[line:388] DEBUG "GET /api/getvfwebqq?ptwebqq=049ba2f221f70c4df941790628c08fc00e2a3f14182a355743c089e96b6b1a7d&clientid=53999199&psessionid=&t=1502891001363 HTTP/1.1" 200 117
Wed, 16 Aug 2017 21:43:21  connectionpool.py[line:388] DEBUG "POST /api/get_group_name_list_mask2 HTTP/1.1" 200 None
Wed, 16 Aug 2017 21:43:21  connectionpool.py[line:388] DEBUG "GET /channel/get_online_buddies2?vfwebqq=94fbf4f99d87f0616327d4ef8ce1f4fa7706c1604e8c3a34b251fa26cb5e34e46f4ee5a37deb422c&clientid=53999199&psessionid=8368046764001d636f6e6e7365727665725f77656271714031302e3133332e34312e383400001ad00000066b026e040015808a206d0000000a406172314338344a69526d0000002859185d94e66218548d1ecb1a12513c86126b3afb97a3c2955b1070324790733ddb059ab166de6857&t=1502891001812 HTTP/1.1" 200 None
Thu, 17 Aug 2017 22:13:49  SmartQQ.py[line:274] CRITICAL 正在获取登陆页面
Thu, 17 Aug 2017 22:13:50  SmartQQ.py[line:277] CRITICAL 正在获取appid
Thu, 17 Aug 2017 22:13:50  SmartQQ.py[line:279] CRITICAL 正在获取login_sig
Thu, 17 Aug 2017 22:13:50  SmartQQ.py[line:281] INFO get sign : 
Thu, 17 Aug 2017 22:13:50  SmartQQ.py[line:282] CRITICAL 正在获取pt_version
Thu, 17 Aug 2017 22:13:50  SmartQQ.py[line:284] INFO get g_pt_version : 10227
Thu, 17 Aug 2017 22:13:50  SmartQQ.py[line:285] CRITICAL 正在获取mibao_css
Thu, 17 Aug 2017 22:13:50  SmartQQ.py[line:287] INFO get g_mibao_css : 
Thu, 17 Aug 2017 22:13:51  PngImagePlugin.py[line:135] DEBUG STREAM b'IHDR' 16 13
Thu, 17 Aug 2017 22:13:51  PngImagePlugin.py[line:135] DEBUG STREAM b'pHYs' 41 9
Thu, 17 Aug 2017 22:13:51  PngImagePlugin.py[line:135] DEBUG STREAM b'IDAT' 62 408
Thu, 17 Aug 2017 22:13:51  SmartQQ.py[line:298] INFO [1] Get QRCode Picture Success.
Thu, 17 Aug 2017 22:13:56  SmartQQ.py[line:315] INFO ['ptuiCB(', '0', ',', '0', ',', 'http://ptlogin2.web2.qq.com/check_sig?pttype=1&uin=2410915560&service=ptqrlogin&nodirect=0&ptsigx=7f08f89b5e009e8f269e283af95e24b245706e202dd33fae948d5afe6b83f2edce13ce275fabb18704c050d91aae89261d6d2d6aafb771e798ed3d2d6a1a49b8&s_url=http%3A%2F%2Fw.qq.com%2Fproxy.html%3Flogin2qq%3D1%26webqq_type%3D10&f_url=&ptlang=2052&ptredirect=100&aid=501004106&daid=164&j_later=0&low_login_hour=0&regmaster=0&pt_login_type=3&pt_aid=0&pt_aaid=16&pt_light=0&pt_3rd_aid=0', ',', '0', ',', '登录成功！', ', ', '\u3000', ');\r\n']
Thu, 17 Aug 2017 22:13:56  SmartQQ.py[line:319] CRITICAL 二维码已扫描，正在登陆
Thu, 17 Aug 2017 22:13:57  SmartQQ.py[line:109] ERROR Get mibao_res Url Error.
Thu, 17 Aug 2017 22:13:57  SmartQQ.py[line:334] INFO PTWebQQ: 0b2b2e0857c6c5f69f22e45bf8bab7a024d6096893ea62c2ebcfac88d97ef753
Thu, 17 Aug 2017 22:13:57  SmartQQ.py[line:344] INFO getvfwebqq html:  {"retcode":0,"result":{"vfwebqq":"f6601a0bc44183dd90d5fb636df23712521131cc79753dd8a229d0752d8fc0e0ccd52996084af9bb"}}
Thu, 17 Aug 2017 22:13:57  SmartQQ.py[line:360] INFO Login success
Thu, 17 Aug 2017 22:13:57  SmartQQ.py[line:361] CRITICAL 登陆二维码用时0.879秒
Thu, 17 Aug 2017 22:13:57  SmartQQ.py[line:780] ERROR 读取组存档出错:[Errno 2] No such file or directory: 'groupfollow.txt'
Thu, 17 Aug 2017 22:13:59  SmartQQ.py[line:453] INFO Check html: {"errmsg":"error","retcode":103}
Thu, 17 Aug 2017 22:14:05  SmartQQ.py[line:453] INFO Check html: {"errmsg":"error","retcode":103}
Thu, 17 Aug 2017 22:14:06  SmartQQ.py[line:453] INFO Check html: {"errmsg":"error","retcode":103}
Thu, 17 Aug 2017 22:14:08  SmartQQ.py[line:453] INFO Check html: {"errmsg":"error","retcode":103}
Thu, 17 Aug 2017 22:14:09  SmartQQ.py[line:453] INFO Check html: {"errmsg":"error","retcode":103}
Thu, 17 Aug 2017 22:14:14  SmartQQ.py[line:453] INFO Check html: {"errmsg":"error","retcode":103}
Thu, 17 Aug 2017 22:14:14  SmartQQ.py[line:445] CRITICAL 轮询错误超过五次
Thu, 17 Aug 2017 22:24:01  SmartQQ.py[line:274] CRITICAL 正在获取登陆页面
Thu, 17 Aug 2017 22:24:07  SmartQQ.py[line:277] CRITICAL 正在获取appid
Thu, 17 Aug 2017 22:24:07  SmartQQ.py[line:279] CRITICAL 正在获取login_sig
Thu, 17 Aug 2017 22:24:07  SmartQQ.py[line:281] INFO get sign : 
Thu, 17 Aug 2017 22:24:07  SmartQQ.py[line:282] CRITICAL 正在获取pt_version
Thu, 17 Aug 2017 22:24:07  SmartQQ.py[line:284] INFO get g_pt_version : 10227
Thu, 17 Aug 2017 22:24:07  SmartQQ.py[line:285] CRITICAL 正在获取mibao_css
Thu, 17 Aug 2017 22:24:07  SmartQQ.py[line:287] INFO get g_mibao_css : 
Thu, 17 Aug 2017 22:24:07  PngImagePlugin.py[line:135] DEBUG STREAM b'IHDR' 16 13
Thu, 17 Aug 2017 22:24:07  PngImagePlugin.py[line:135] DEBUG STREAM b'pHYs' 41 9
Thu, 17 Aug 2017 22:24:07  PngImagePlugin.py[line:135] DEBUG STREAM b'IDAT' 62 407
Thu, 17 Aug 2017 22:24:07  SmartQQ.py[line:298] INFO [1] Get QRCode Picture Success.
Thu, 17 Aug 2017 22:24:12  SmartQQ.py[line:315] INFO ['ptuiCB(', '0', ',', '0', ',', 'http://ptlogin2.web2.qq.com/check_sig?pttype=1&uin=2410915560&service=ptqrlogin&nodirect=0&ptsigx=09ce53f31db99cec5ce48852c947c3842850c1db3bdd44aa433dd0edfea5a68aa0eb3c20a577454693376c86fa906697334b7bc183cf835f071a7b8c0c93154f&s_url=http%3A%2F%2Fw.qq.com%2Fproxy.html%3Flogin2qq%3D1%26webqq_type%3D10&f_url=&ptlang=2052&ptredirect=100&aid=501004106&daid=164&j_later=0&low_login_hour=0&regmaster=0&pt_login_type=3&pt_aid=0&pt_aaid=16&pt_light=0&pt_3rd_aid=0', ',', '0', ',', '登录成功！', ', ', '\u3000', ');\r\n']
Thu, 17 Aug 2017 22:24:12  SmartQQ.py[line:319] CRITICAL 二维码已扫描，正在登陆
Thu, 17 Aug 2017 22:24:12  SmartQQ.py[line:109] ERROR Get mibao_res Url Error.
Thu, 17 Aug 2017 22:24:12  SmartQQ.py[line:334] INFO PTWebQQ: 3803e0735b0fd18d0a08fdeb09284c533094229da5303bfa2099abe9fbbaf090
Thu, 17 Aug 2017 22:24:12  SmartQQ.py[line:344] INFO getvfwebqq html:  {"retcode":0,"result":{"vfwebqq":"27452f17f307fab12b35ea1a04e011e6c6053b2aeca3271958fede85b0a78d1372593447d0e643c4"}}
Thu, 17 Aug 2017 22:24:12  SmartQQ.py[line:360] INFO Login success
Thu, 17 Aug 2017 22:24:12  SmartQQ.py[line:361] CRITICAL 登陆二维码用时0.68秒
Thu, 17 Aug 2017 22:24:13  SmartQQ.py[line:779] ERROR 读取组存档出错:[Errno 2] No such file or directory: 'groupfollow.txt'
Thu, 17 Aug 2017 22:24:14  SmartQQ.py[line:453] INFO Check html: {"errmsg":"error","retcode":103}
Thu, 17 Aug 2017 22:24:16  SmartQQ.py[line:453] INFO Check html: {"errmsg":"error","retcode":103}
Thu, 17 Aug 2017 22:24:17  SmartQQ.py[line:453] INFO Check html: {"errmsg":"error","retcode":103}
Thu, 17 Aug 2017 22:24:19  SmartQQ.py[line:453] INFO Check html: {"errmsg":"error","retcode":103}
Thu, 17 Aug 2017 22:24:21  SmartQQ.py[line:453] INFO Check html: {"errmsg":"error","retcode":103}
Fri, 18 Aug 2017 07:17:18  SmartQQ.py[line:274] CRITICAL 正在获取登陆页面
Fri, 18 Aug 2017 07:17:19  SmartQQ.py[line:277] CRITICAL 正在获取appid
Fri, 18 Aug 2017 07:17:19  SmartQQ.py[line:279] CRITICAL 正在获取login_sig
Fri, 18 Aug 2017 07:17:19  SmartQQ.py[line:281] INFO get sign : 
Fri, 18 Aug 2017 07:17:19  SmartQQ.py[line:282] CRITICAL 正在获取pt_version
Fri, 18 Aug 2017 07:17:19  SmartQQ.py[line:284] INFO get g_pt_version : 10227
Fri, 18 Aug 2017 07:17:19  SmartQQ.py[line:285] CRITICAL 正在获取mibao_css
Fri, 18 Aug 2017 07:17:19  SmartQQ.py[line:287] INFO get g_mibao_css : 
Fri, 18 Aug 2017 07:17:19  PngImagePlugin.py[line:135] DEBUG STREAM b'IHDR' 16 13
Fri, 18 Aug 2017 07:17:19  PngImagePlugin.py[line:135] DEBUG STREAM b'pHYs' 41 9
Fri, 18 Aug 2017 07:17:19  PngImagePlugin.py[line:135] DEBUG STREAM b'IDAT' 62 420
Fri, 18 Aug 2017 07:17:19  SmartQQ.py[line:298] INFO [1] Get QRCode Picture Success.
Fri, 18 Aug 2017 07:17:26  SmartQQ.py[line:315] INFO ['ptuiCB(', '0', ',', '0', ',', 'http://ptlogin2.web2.qq.com/check_sig?pttype=1&uin=2410915560&service=ptqrlogin&nodirect=0&ptsigx=6ef635be03ba2d87261d3d207946f1912d1383bbe13b01e88f7a40f2739f8e2ecc6fadd75b5a73460ae58dbba97b2defc9f73cab111bf911ce5ebdc73b0ba0c4&s_url=http%3A%2F%2Fw.qq.com%2Fproxy.html%3Flogin2qq%3D1%26webqq_type%3D10&f_url=&ptlang=2052&ptredirect=100&aid=501004106&daid=164&j_later=0&low_login_hour=0&regmaster=0&pt_login_type=3&pt_aid=0&pt_aaid=16&pt_light=0&pt_3rd_aid=0', ',', '0', ',', '登录成功！', ', ', '\u3000', ');\r\n']
Fri, 18 Aug 2017 07:17:26  SmartQQ.py[line:319] CRITICAL 二维码已扫描，正在登陆
Fri, 18 Aug 2017 07:17:27  SmartQQ.py[line:109] ERROR Get mibao_res Url Error.
Fri, 18 Aug 2017 07:17:27  SmartQQ.py[line:334] INFO PTWebQQ: b4ff28f9cb636e65cb536cddf2ec7f32eecb534290c088f1eab513766669d03c
Fri, 18 Aug 2017 07:17:27  SmartQQ.py[line:344] INFO getvfwebqq html:  {"retcode":0,"result":{"vfwebqq":"262b388618c138af48f8dd6526569aaef88ae8f8916a47c4bfcaa91c8f20b70d8410c57b3cf81aaa"}}
Fri, 18 Aug 2017 07:17:27  SmartQQ.py[line:360] INFO Login success
Fri, 18 Aug 2017 07:17:27  SmartQQ.py[line:361] CRITICAL 登陆二维码用时0.782秒
Fri, 18 Aug 2017 07:17:28  SmartQQ.py[line:780] ERROR 读取组存档出错:[Errno 2] No such file or directory: 'groupfollow.txt'
Fri, 18 Aug 2017 07:17:29  SmartQQ.py[line:453] INFO Check html: {"errmsg":"error","retcode":103}
Fri, 18 Aug 2017 07:17:31  SmartQQ.py[line:453] INFO Check html: {"errmsg":"error","retcode":103}
Fri, 18 Aug 2017 07:17:32  SmartQQ.py[line:453] INFO Check html: {"errmsg":"error","retcode":103}
Fri, 18 Aug 2017 07:17:34  SmartQQ.py[line:453] INFO Check html: {"errmsg":"error","retcode":103}
Fri, 18 Aug 2017 07:17:35  SmartQQ.py[line:453] INFO Check html: {"errmsg":"error","retcode":103}
Fri, 18 Aug 2017 07:17:37  SmartQQ.py[line:453] INFO Check html: {"errmsg":"error","retcode":103}
Fri, 18 Aug 2017 07:17:37  SmartQQ.py[line:445] CRITICAL 轮询错误超过五次
Fri, 18 Aug 2017 07:17:53  SmartQQ.py[line:274] CRITICAL 正在获取登陆页面
Fri, 18 Aug 2017 07:17:54  SmartQQ.py[line:277] CRITICAL 正在获取appid
Fri, 18 Aug 2017 07:17:54  SmartQQ.py[line:279] CRITICAL 正在获取login_sig
Fri, 18 Aug 2017 07:17:54  SmartQQ.py[line:281] INFO get sign : 
Fri, 18 Aug 2017 07:17:54  SmartQQ.py[line:282] CRITICAL 正在获取pt_version
Fri, 18 Aug 2017 07:17:54  SmartQQ.py[line:284] INFO get g_pt_version : 10227
Fri, 18 Aug 2017 07:17:54  SmartQQ.py[line:285] CRITICAL 正在获取mibao_css
Fri, 18 Aug 2017 07:17:54  SmartQQ.py[line:287] INFO get g_mibao_css : 
Fri, 18 Aug 2017 07:17:55  PngImagePlugin.py[line:135] DEBUG STREAM b'IHDR' 16 13
Fri, 18 Aug 2017 07:17:55  PngImagePlugin.py[line:135] DEBUG STREAM b'pHYs' 41 9
Fri, 18 Aug 2017 07:17:55  PngImagePlugin.py[line:135] DEBUG STREAM b'IDAT' 62 409
Fri, 18 Aug 2017 07:17:55  SmartQQ.py[line:298] INFO [1] Get QRCode Picture Success.
Fri, 18 Aug 2017 07:17:59  SmartQQ.py[line:315] INFO ['ptuiCB(', '0', ',', '0', ',', 'http://ptlogin2.web2.qq.com/check_sig?pttype=1&uin=2410915560&service=ptqrlogin&nodirect=0&ptsigx=e69ac0efbcb3aeb00a0f1326ff274808ae32817d74cd3976899aef39a2b8f8d5cc4a3cdaca7f491edc616d9148b304e2b1bb2933ceb46c34dd4ec74dec7fd46e&s_url=http%3A%2F%2Fw.qq.com%2Fproxy.html%3Flogin2qq%3D1%26webqq_type%3D10&f_url=&ptlang=2052&ptredirect=100&aid=501004106&daid=164&j_later=0&low_login_hour=0&regmaster=0&pt_login_type=3&pt_aid=0&pt_aaid=16&pt_light=0&pt_3rd_aid=0', ',', '0', ',', '登录成功！', ', ', '\u3000', ');\r\n']
Fri, 18 Aug 2017 07:17:59  SmartQQ.py[line:319] CRITICAL 二维码已扫描，正在登陆
Fri, 18 Aug 2017 07:18:00  SmartQQ.py[line:109] ERROR Get mibao_res Url Error.
Fri, 18 Aug 2017 07:18:00  SmartQQ.py[line:334] INFO PTWebQQ: 0c571541c1e4d6e6e7aab56e123e8eaa5f5b5b004b5f5ae73089ec36fa9d3cea
Fri, 18 Aug 2017 07:18:00  SmartQQ.py[line:344] INFO getvfwebqq html:  {"retcode":0,"result":{"vfwebqq":"bd8d751a6482d84927938722a3d51d1c3096a68c0d427b5f37b518b151f167804a928a04cbb82d62"}}
Fri, 18 Aug 2017 07:18:00  SmartQQ.py[line:360] INFO Login success
Fri, 18 Aug 2017 07:18:00  SmartQQ.py[line:361] CRITICAL 登陆二维码用时0.646秒
Fri, 18 Aug 2017 07:18:01  SmartQQ.py[line:780] ERROR 读取组存档出错:[Errno 2] No such file or directory: 'groupfollow.txt'
Fri, 18 Aug 2017 07:18:37  SmartQQ.py[line:274] CRITICAL 正在获取登陆页面
Fri, 18 Aug 2017 07:18:39  SmartQQ.py[line:277] CRITICAL 正在获取appid
Fri, 18 Aug 2017 07:18:39  SmartQQ.py[line:279] CRITICAL 正在获取login_sig
Fri, 18 Aug 2017 07:18:39  SmartQQ.py[line:281] INFO get sign : 
Fri, 18 Aug 2017 07:18:39  SmartQQ.py[line:282] CRITICAL 正在获取pt_version
Fri, 18 Aug 2017 07:18:39  SmartQQ.py[line:284] INFO get g_pt_version : 10227
Fri, 18 Aug 2017 07:18:39  SmartQQ.py[line:285] CRITICAL 正在获取mibao_css
Fri, 18 Aug 2017 07:18:39  SmartQQ.py[line:287] INFO get g_mibao_css : 
Fri, 18 Aug 2017 07:18:39  PngImagePlugin.py[line:135] DEBUG STREAM b'IHDR' 16 13
Fri, 18 Aug 2017 07:18:39  PngImagePlugin.py[line:135] DEBUG STREAM b'pHYs' 41 9
Fri, 18 Aug 2017 07:18:39  PngImagePlugin.py[line:135] DEBUG STREAM b'IDAT' 62 420
Fri, 18 Aug 2017 07:18:39  SmartQQ.py[line:298] INFO [1] Get QRCode Picture Success.
Fri, 18 Aug 2017 07:18:46  SmartQQ.py[line:315] INFO ['ptuiCB(', '0', ',', '0', ',', 'http://ptlogin2.web2.qq.com/check_sig?pttype=1&uin=2410915560&service=ptqrlogin&nodirect=0&ptsigx=5d8d46a2965454c50f809725ecd57f428443f95578055766c7af76122880655292423c32f2b0b543ed6b93e2865f58c414c84a617b0a535ba4b6aa269375b454&s_url=http%3A%2F%2Fw.qq.com%2Fproxy.html%3Flogin2qq%3D1%26webqq_type%3D10&f_url=&ptlang=2052&ptredirect=100&aid=501004106&daid=164&j_later=0&low_login_hour=0&regmaster=0&pt_login_type=3&pt_aid=0&pt_aaid=16&pt_light=0&pt_3rd_aid=0', ',', '0', ',', '登录成功！', ', ', '\u3000', ');\r\n']
Fri, 18 Aug 2017 07:18:46  SmartQQ.py[line:319] CRITICAL 二维码已扫描，正在登陆
Fri, 18 Aug 2017 07:18:46  SmartQQ.py[line:109] ERROR Get mibao_res Url Error.
Fri, 18 Aug 2017 07:18:46  SmartQQ.py[line:334] INFO PTWebQQ: 0f7afe94359e05407afb6d0152966bbddbbbad9d8bfabab9bd648525633f29df
Fri, 18 Aug 2017 07:18:47  SmartQQ.py[line:344] INFO getvfwebqq html:  {"retcode":0,"result":{"vfwebqq":"54330fb0a57bffa1349dd612a26973e66b724f687be8a358af7bda3c7167fda3bd6d33c553ab9b4d"}}
Fri, 18 Aug 2017 07:18:47  SmartQQ.py[line:360] INFO Login success
Fri, 18 Aug 2017 07:18:47  SmartQQ.py[line:361] CRITICAL 登陆二维码用时1.056秒
Fri, 18 Aug 2017 07:18:47  SmartQQ.py[line:780] ERROR 读取组存档出错:[Errno 2] No such file or directory: 'groupfollow.txt'
Fri, 18 Aug 2017 07:19:01  SmartQQ.py[line:453] INFO Check html: {"errmsg":"error","retcode":0}
Fri, 18 Aug 2017 07:19:18  SmartQQ.py[line:274] CRITICAL 正在获取登陆页面
Fri, 18 Aug 2017 07:19:20  SmartQQ.py[line:277] CRITICAL 正在获取appid
Fri, 18 Aug 2017 07:19:20  SmartQQ.py[line:279] CRITICAL 正在获取login_sig
Fri, 18 Aug 2017 07:19:20  SmartQQ.py[line:281] INFO get sign : 
Fri, 18 Aug 2017 07:19:20  SmartQQ.py[line:282] CRITICAL 正在获取pt_version
Fri, 18 Aug 2017 07:19:20  SmartQQ.py[line:284] INFO get g_pt_version : 10227
Fri, 18 Aug 2017 07:19:20  SmartQQ.py[line:285] CRITICAL 正在获取mibao_css
Fri, 18 Aug 2017 07:19:20  SmartQQ.py[line:287] INFO get g_mibao_css : 
Fri, 18 Aug 2017 07:19:20  PngImagePlugin.py[line:135] DEBUG STREAM b'IHDR' 16 13
Fri, 18 Aug 2017 07:19:20  PngImagePlugin.py[line:135] DEBUG STREAM b'pHYs' 41 9
Fri, 18 Aug 2017 07:19:20  PngImagePlugin.py[line:135] DEBUG STREAM b'IDAT' 62 410
Fri, 18 Aug 2017 07:19:20  SmartQQ.py[line:298] INFO [1] Get QRCode Picture Success.
Fri, 18 Aug 2017 07:19:24  SmartQQ.py[line:315] INFO ['ptuiCB(', '0', ',', '0', ',', 'http://ptlogin2.web2.qq.com/check_sig?pttype=1&uin=2410915560&service=ptqrlogin&nodirect=0&ptsigx=40d85377b81667eed876543ab378116005de36c905e697154fe3a9b68d617435e75d715ce01a984341afd84e161362847ab5344327cc1a0a6ec44cffd5cb188e&s_url=http%3A%2F%2Fw.qq.com%2Fproxy.html%3Flogin2qq%3D1%26webqq_type%3D10&f_url=&ptlang=2052&ptredirect=100&aid=501004106&daid=164&j_later=0&low_login_hour=0&regmaster=0&pt_login_type=3&pt_aid=0&pt_aaid=16&pt_light=0&pt_3rd_aid=0', ',', '0', ',', '登录成功！', ', ', '\u3000', ');\r\n']
Fri, 18 Aug 2017 07:19:24  SmartQQ.py[line:319] CRITICAL 二维码已扫描，正在登陆
Fri, 18 Aug 2017 07:19:25  SmartQQ.py[line:109] ERROR Get mibao_res Url Error.
Fri, 18 Aug 2017 07:19:25  SmartQQ.py[line:334] INFO PTWebQQ: 5964cc2af36c93fc56128b17970c16e5b635a853c18cb61a22478edebab46354
Fri, 18 Aug 2017 07:19:25  SmartQQ.py[line:344] INFO getvfwebqq html:  {"retcode":0,"result":{"vfwebqq":"21c0035dd0d52698daa527321a83c05db39fe0e9aa857e6b4754c86dbee23318eea30bba1f7f5be4"}}
Fri, 18 Aug 2017 07:19:25  SmartQQ.py[line:360] INFO Login success
Fri, 18 Aug 2017 07:19:25  SmartQQ.py[line:361] CRITICAL 登陆二维码用时1.077秒
Fri, 18 Aug 2017 07:19:26  SmartQQ.py[line:781] ERROR 读取组存档出错:[Errno 2] No such file or directory: 'groupfollow.txt'
Fri, 18 Aug 2017 07:19:48  SmartQQ.py[line:453] INFO Check html: {"errmsg":"error","retcode":0}
Fri, 18 Aug 2017 07:20:01  SmartQQ.py[line:453] INFO Check html: {"errmsg":"error","retcode":0}
Fri, 18 Aug 2017 07:20:26  SmartQQ.py[line:453] INFO Check html: {"errmsg":"error","retcode":0}
Fri, 18 Aug 2017 07:20:48  SmartQQ.py[line:453] INFO Check html: {"errmsg":"error","retcode":0}
Fri, 18 Aug 2017 07:21:04  SmartQQ.py[line:453] INFO Check html: {"errmsg":"error","retcode":0}
Fri, 18 Aug 2017 07:21:48  SmartQQ.py[line:453] INFO Check html: {"errmsg":"error","retcode":0}
Fri, 18 Aug 2017 07:22:05  SmartQQ.py[line:453] INFO Check html: {"errmsg":"error","retcode":0}
Fri, 18 Aug 2017 07:22:49  SmartQQ.py[line:453] INFO Check html: {"errmsg":"error","retcode":0}
Fri, 18 Aug 2017 07:23:05  SmartQQ.py[line:453] INFO Check html: {"errmsg":"error","retcode":0}
Fri, 18 Aug 2017 07:24:05  SmartQQ.py[line:453] INFO Check html: {"errmsg":"error","retcode":0}
Fri, 18 Aug 2017 07:25:06  SmartQQ.py[line:453] INFO Check html: {"errmsg":"error","retcode":0}
Fri, 18 Aug 2017 07:26:07  SmartQQ.py[line:453] INFO Check html: {"errmsg":"error","retcode":0}
Fri, 18 Aug 2017 07:27:08  SmartQQ.py[line:453] INFO Check html: {"errmsg":"error","retcode":0}
Fri, 18 Aug 2017 07:28:08  SmartQQ.py[line:453] INFO Check html: {"errmsg":"error","retcode":0}
Fri, 18 Aug 2017 07:29:08  SmartQQ.py[line:453] INFO Check html: {"errmsg":"error","retcode":0}
Fri, 18 Aug 2017 07:30:09  SmartQQ.py[line:453] INFO Check html: {"errmsg":"error","retcode":0}
Fri, 18 Aug 2017 07:31:09  SmartQQ.py[line:453] INFO Check html: {"errmsg":"error","retcode":0}
Fri, 18 Aug 2017 07:32:09  SmartQQ.py[line:453] INFO Check html: {"errmsg":"error","retcode":0}
Fri, 18 Aug 2017 07:33:10  SmartQQ.py[line:453] INFO Check html: {"errmsg":"error","retcode":0}
Fri, 18 Aug 2017 07:34:06  SmartQQ.py[line:274] CRITICAL 正在获取登陆页面
Fri, 18 Aug 2017 07:34:07  SmartQQ.py[line:277] CRITICAL 正在获取appid
Fri, 18 Aug 2017 07:34:07  SmartQQ.py[line:279] CRITICAL 正在获取login_sig
Fri, 18 Aug 2017 07:34:07  SmartQQ.py[line:281] INFO get sign : 
Fri, 18 Aug 2017 07:34:07  SmartQQ.py[line:282] CRITICAL 正在获取pt_version
Fri, 18 Aug 2017 07:34:07  SmartQQ.py[line:284] INFO get g_pt_version : 10227
Fri, 18 Aug 2017 07:34:07  SmartQQ.py[line:285] CRITICAL 正在获取mibao_css
Fri, 18 Aug 2017 07:34:07  SmartQQ.py[line:287] INFO get g_mibao_css : 
Fri, 18 Aug 2017 07:34:07  PngImagePlugin.py[line:135] DEBUG STREAM b'IHDR' 16 13
Fri, 18 Aug 2017 07:34:07  PngImagePlugin.py[line:135] DEBUG STREAM b'pHYs' 41 9
Fri, 18 Aug 2017 07:34:07  PngImagePlugin.py[line:135] DEBUG STREAM b'IDAT' 62 407
Fri, 18 Aug 2017 07:34:07  SmartQQ.py[line:298] INFO [1] Get QRCode Picture Success.
Fri, 18 Aug 2017 07:34:10  SmartQQ.py[line:453] INFO Check html: {"errmsg":"error","retcode":0}
Fri, 18 Aug 2017 07:34:15  SmartQQ.py[line:315] INFO ['ptuiCB(', '0', ',', '0', ',', 'http://ptlogin2.web2.qq.com/check_sig?pttype=1&uin=2410915560&service=ptqrlogin&nodirect=0&ptsigx=4206260bf4e4fc9d30c4954d570911f66100ed970fa3d3628059746b01098cdeda69f5a855976591d03ca9997755271faa287d2eda3748d97045aafc586cfda2&s_url=http%3A%2F%2Fw.qq.com%2Fproxy.html%3Flogin2qq%3D1%26webqq_type%3D10&f_url=&ptlang=2052&ptredirect=100&aid=501004106&daid=164&j_later=0&low_login_hour=0&regmaster=0&pt_login_type=3&pt_aid=0&pt_aaid=16&pt_light=0&pt_3rd_aid=0', ',', '0', ',', '登录成功！', ', ', '\u3000', ');\r\n']
Fri, 18 Aug 2017 07:34:15  SmartQQ.py[line:319] CRITICAL 二维码已扫描，正在登陆
Fri, 18 Aug 2017 07:34:17  SmartQQ.py[line:109] ERROR Get mibao_res Url Error.
Fri, 18 Aug 2017 07:34:17  SmartQQ.py[line:334] INFO PTWebQQ: 9382cf1611b5926ce8da1a181c9767636bed607b555712199f49dbfe16da83d7
Fri, 18 Aug 2017 07:34:20  SmartQQ.py[line:344] INFO getvfwebqq html:  {"retcode":0,"result":{"vfwebqq":"14013ab7c4ab526a7a80ead825fbfb2f4a2453d2463b5f7323b42380484a3b2282268df0bcaecd26"}}
Fri, 18 Aug 2017 07:34:20  SmartQQ.py[line:360] INFO Login success
Fri, 18 Aug 2017 07:34:20  SmartQQ.py[line:361] CRITICAL 登陆二维码用时4.204秒
Fri, 18 Aug 2017 07:34:22  SmartQQ.py[line:780] ERROR 读取组存档出错:[Errno 2] No such file or directory: 'groupfollow.txt'
Fri, 18 Aug 2017 07:35:11  SmartQQ.py[line:453] INFO Check html: {"errmsg":"error","retcode":0}
Fri, 18 Aug 2017 07:35:26  SmartQQ.py[line:454] INFO Check html: {"errmsg":"error","retcode":0}
Fri, 18 Aug 2017 07:36:12  SmartQQ.py[line:453] INFO Check html: {"errmsg":"error","retcode":0}
Fri, 18 Aug 2017 07:36:26  SmartQQ.py[line:454] INFO Check html: {"errmsg":"error","retcode":0}
Fri, 18 Aug 2017 07:37:17  SmartQQ.py[line:453] INFO Check html: {"errmsg":"error","retcode":0}
Fri, 18 Aug 2017 07:38:18  SmartQQ.py[line:453] INFO Check html: {"errmsg":"error","retcode":0}
Fri, 18 Aug 2017 07:39:18  SmartQQ.py[line:453] INFO Check html: {"errmsg":"error","retcode":0}
Fri, 18 Aug 2017 07:40:19  SmartQQ.py[line:453] INFO Check html: {"errmsg":"error","retcode":0}
Fri, 18 Aug 2017 07:41:19  SmartQQ.py[line:453] INFO Check html: {"errmsg":"error","retcode":0}
Fri, 18 Aug 2017 07:42:20  SmartQQ.py[line:453] INFO Check html: {"errmsg":"error","retcode":0}
Fri, 18 Aug 2017 07:43:20  SmartQQ.py[line:453] INFO Check html: {"errmsg":"error","retcode":0}
Fri, 18 Aug 2017 07:44:21  SmartQQ.py[line:453] INFO Check html: {"errmsg":"error","retcode":0}
Fri, 18 Aug 2017 07:45:21  SmartQQ.py[line:453] INFO Check html: {"errmsg":"error","retcode":0}
Fri, 18 Aug 2017 07:46:21  SmartQQ.py[line:453] INFO Check html: {"errmsg":"error","retcode":0}
Fri, 18 Aug 2017 07:47:22  SmartQQ.py[line:453] INFO Check html: {"errmsg":"error","retcode":0}
Fri, 18 Aug 2017 07:48:22  SmartQQ.py[line:453] INFO Check html: {"errmsg":"error","retcode":0}
Fri, 18 Aug 2017 07:49:23  SmartQQ.py[line:453] INFO Check html: {"errmsg":"error","retcode":0}
Fri, 18 Aug 2017 07:50:23  SmartQQ.py[line:453] INFO Check html: {"errmsg":"error","retcode":0}
Fri, 18 Aug 2017 07:51:23  SmartQQ.py[line:453] INFO Check html: {"errmsg":"error","retcode":0}
Fri, 18 Aug 2017 07:52:24  SmartQQ.py[line:453] INFO Check html: {"errmsg":"error","retcode":0}
Fri, 18 Aug 2017 07:53:26  SmartQQ.py[line:453] INFO Check html: {"errmsg":"error","retcode":0}
Fri, 18 Aug 2017 07:54:26  SmartQQ.py[line:453] INFO Check html: {"errmsg":"error","retcode":0}
Fri, 18 Aug 2017 07:55:27  SmartQQ.py[line:453] INFO Check html: {"errmsg":"error","retcode":0}
Fri, 18 Aug 2017 07:56:27  SmartQQ.py[line:453] INFO Check html: {"errmsg":"error","retcode":0}
Fri, 18 Aug 2017 07:57:28  SmartQQ.py[line:453] INFO Check html: {"errmsg":"error","retcode":0}
Fri, 18 Aug 2017 07:58:28  SmartQQ.py[line:453] INFO Check html: {"errmsg":"error","retcode":0}
Fri, 18 Aug 2017 07:59:28  SmartQQ.py[line:453] INFO Check html: {"errmsg":"error","retcode":0}
Fri, 18 Aug 2017 08:00:29  SmartQQ.py[line:453] INFO Check html: {"errmsg":"error","retcode":0}
Fri, 18 Aug 2017 08:01:29  SmartQQ.py[line:453] INFO Check html: {"errmsg":"error","retcode":0}
Fri, 18 Aug 2017 08:02:30  SmartQQ.py[line:453] INFO Check html: {"errmsg":"error","retcode":0}
Fri, 18 Aug 2017 08:02:31  SmartQQ.py[line:453] INFO Check html: {"result":[{"poll_type":"group_message","value":{"content":[["font",{"color":"000000","name":"微软雅黑","size":10,"style":[0,0,0]}],"[群签到]请使用手机QQ进行查看。"],"from_uin":3287038854,"group_code":3287038854,"msg_id":31373,"msg_type":4,"send_uin":1845649825,"time":1503014551,"to_uin":2410915560}}],"retcode":0}
Fri, 18 Aug 2017 08:02:31  SmartQQ.py[line:190] INFO 3199773358群有动态，但是没有被监控
Fri, 18 Aug 2017 08:02:33  SmartQQ.py[line:453] INFO Check html: {"result":[{"poll_type":"group_message","value":{"content":[["font",{"color":"000000","name":"微软雅黑","size":10,"style":[0,0,0]}]],"from_uin":3287038854,"group_code":3287038854,"msg_id":29584,"msg_type":4,"send_uin":1845649825,"time":1503014551,"to_uin":2410915560}}],"retcode":0}
Fri, 18 Aug 2017 08:02:33  SmartQQ.py[line:190] INFO 3199773358群有动态，但是没有被监控
Fri, 18 Aug 2017 08:03:38  SmartQQ.py[line:453] INFO Check html: {"errmsg":"error","retcode":0}
Fri, 18 Aug 2017 08:04:39  SmartQQ.py[line:453] INFO Check html: {"errmsg":"error","retcode":0}
Fri, 18 Aug 2017 08:05:39  SmartQQ.py[line:453] INFO Check html: {"errmsg":"error","retcode":0}
Fri, 18 Aug 2017 08:06:40  SmartQQ.py[line:453] INFO Check html: {"errmsg":"error","retcode":0}
Fri, 18 Aug 2017 08:07:40  SmartQQ.py[line:453] INFO Check html: {"errmsg":"error","retcode":0}
Fri, 18 Aug 2017 08:08:40  SmartQQ.py[line:453] INFO Check html: {"errmsg":"error","retcode":0}
Fri, 18 Aug 2017 08:09:41  SmartQQ.py[line:453] INFO Check html: {"errmsg":"error","retcode":0}
Fri, 18 Aug 2017 08:10:41  SmartQQ.py[line:453] INFO Check html: {"errmsg":"error","retcode":0}
Fri, 18 Aug 2017 08:11:42  SmartQQ.py[line:453] INFO Check html: {"errmsg":"error","retcode":0}
Fri, 18 Aug 2017 08:12:42  SmartQQ.py[line:453] INFO Check html: {"errmsg":"error","retcode":0}
Fri, 18 Aug 2017 08:13:42  SmartQQ.py[line:453] INFO Check html: {"errmsg":"error","retcode":0}
Fri, 18 Aug 2017 08:14:43  SmartQQ.py[line:453] INFO Check html: {"errmsg":"error","retcode":0}
Fri, 18 Aug 2017 08:15:43  SmartQQ.py[line:453] INFO Check html: {"errmsg":"error","retcode":0}
Fri, 18 Aug 2017 08:16:43  SmartQQ.py[line:453] INFO Check html: {"errmsg":"error","retcode":0}
Fri, 18 Aug 2017 08:17:44  SmartQQ.py[line:453] INFO Check html: {"errmsg":"error","retcode":0}
Fri, 18 Aug 2017 08:18:45  SmartQQ.py[line:453] INFO Check html: {"errmsg":"error","retcode":0}
Fri, 18 Aug 2017 08:19:45  SmartQQ.py[line:453] INFO Check html: {"errmsg":"error","retcode":0}
Fri, 18 Aug 2017 08:20:46  SmartQQ.py[line:453] INFO Check html: {"errmsg":"error","retcode":0}
Fri, 18 Aug 2017 08:21:46  SmartQQ.py[line:453] INFO Check html: {"errmsg":"error","retcode":0}
Fri, 18 Aug 2017 08:22:46  SmartQQ.py[line:453] INFO Check html: {"errmsg":"error","retcode":0}
Fri, 18 Aug 2017 08:23:48  SmartQQ.py[line:453] INFO Check html: {"errmsg":"error","retcode":0}
Fri, 18 Aug 2017 08:24:49  SmartQQ.py[line:453] INFO Check html: {"errmsg":"error","retcode":0}
Fri, 18 Aug 2017 08:25:50  SmartQQ.py[line:453] INFO Check html: {"errmsg":"error","retcode":0}
Fri, 18 Aug 2017 08:26:50  SmartQQ.py[line:453] INFO Check html: {"errmsg":"error","retcode":0}
Fri, 18 Aug 2017 08:27:51  SmartQQ.py[line:453] INFO Check html: {"errmsg":"error","retcode":0}
Fri, 18 Aug 2017 08:28:51  SmartQQ.py[line:453] INFO Check html: {"errmsg":"error","retcode":0}
Fri, 18 Aug 2017 08:29:52  SmartQQ.py[line:453] INFO Check html: {"errmsg":"error","retcode":0}
Fri, 18 Aug 2017 08:30:52  SmartQQ.py[line:453] INFO Check html: {"errmsg":"error","retcode":0}
Fri, 18 Aug 2017 08:31:53  SmartQQ.py[line:453] INFO Check html: {"errmsg":"error","retcode":0}
Fri, 18 Aug 2017 08:32:54  SmartQQ.py[line:453] INFO Check html: {"errmsg":"error","retcode":0}
Fri, 18 Aug 2017 08:33:56  SmartQQ.py[line:453] INFO Check html: {"errmsg":"error","retcode":0}
Fri, 18 Aug 2017 08:34:59  SmartQQ.py[line:453] INFO Check html: {"errmsg":"error","retcode":0}
Fri, 18 Aug 2017 08:36:01  SmartQQ.py[line:453] INFO Check html: {"errmsg":"error","retcode":0}
Fri, 18 Aug 2017 09:55:26  SmartQQ.py[line:274] CRITICAL 正在获取登陆页面
Fri, 18 Aug 2017 09:55:27  SmartQQ.py[line:277] CRITICAL 正在获取appid
Fri, 18 Aug 2017 09:55:27  SmartQQ.py[line:279] CRITICAL 正在获取login_sig
Fri, 18 Aug 2017 09:55:27  SmartQQ.py[line:281] INFO get sign : 
Fri, 18 Aug 2017 09:55:27  SmartQQ.py[line:282] CRITICAL 正在获取pt_version
Fri, 18 Aug 2017 09:55:27  SmartQQ.py[line:284] INFO get g_pt_version : 10228
Fri, 18 Aug 2017 09:55:27  SmartQQ.py[line:285] CRITICAL 正在获取mibao_css
Fri, 18 Aug 2017 09:55:27  SmartQQ.py[line:287] INFO get g_mibao_css : 
Fri, 18 Aug 2017 09:55:27  PngImagePlugin.py[line:135] DEBUG STREAM b'IHDR' 16 13
Fri, 18 Aug 2017 09:55:27  PngImagePlugin.py[line:135] DEBUG STREAM b'pHYs' 41 9
Fri, 18 Aug 2017 09:55:27  PngImagePlugin.py[line:135] DEBUG STREAM b'IDAT' 62 422
Fri, 18 Aug 2017 09:55:27  SmartQQ.py[line:298] INFO [1] Get QRCode Picture Success.
Fri, 18 Aug 2017 09:55:34  SmartQQ.py[line:315] INFO ['ptuiCB(', '0', ',', '0', ',', 'http://ptlogin2.web2.qq.com/check_sig?pttype=1&uin=2410915560&service=ptqrlogin&nodirect=0&ptsigx=dc8ec60bc8f99303387bcc8702b6480328fb5ec5677b538e5bbfd0581efcd94310343588a45d678ebe64e37ee192d14a1bda8c99787fb230c7620fafa92bf792&s_url=http%3A%2F%2Fw.qq.com%2Fproxy.html%3Flogin2qq%3D1%26webqq_type%3D10&f_url=&ptlang=2052&ptredirect=100&aid=501004106&daid=164&j_later=0&low_login_hour=0&regmaster=0&pt_login_type=3&pt_aid=0&pt_aaid=16&pt_light=0&pt_3rd_aid=0', ',', '0', ',', '登录成功！', ', ', '\u3000', ');\r\n']
Fri, 18 Aug 2017 09:55:34  SmartQQ.py[line:319] CRITICAL 二维码已扫描，正在登陆
Fri, 18 Aug 2017 09:55:34  SmartQQ.py[line:109] ERROR Get mibao_res Url Error.
Fri, 18 Aug 2017 09:55:34  SmartQQ.py[line:334] INFO PTWebQQ: c91546da38f70242cf6cc6564c9fa5d2a6a0bf5a8efaf4c1c36b9703cb1d5bf4
Fri, 18 Aug 2017 09:55:35  SmartQQ.py[line:344] INFO getvfwebqq html:  {"retcode":0,"result":{"vfwebqq":"a51f58309618d881b6c16e7afbc105b610b62dd89b59b26f17b99c947ec0b1538bcc103e68a04924"}}
Fri, 18 Aug 2017 09:55:35  SmartQQ.py[line:360] INFO Login success
Fri, 18 Aug 2017 09:55:35  SmartQQ.py[line:361] CRITICAL 登陆二维码用时0.666秒
Fri, 18 Aug 2017 09:55:35  SmartQQ.py[line:780] ERROR 读取组存档出错:[Errno 2] No such file or directory: 'groupfollow.txt'
Fri, 18 Aug 2017 09:56:36  SmartQQ.py[line:454] INFO Check html: {"errmsg":"error","retcode":0}
Fri, 18 Aug 2017 09:57:36  SmartQQ.py[line:454] INFO Check html: {"errmsg":"error","retcode":0}
Fri, 18 Aug 2017 09:58:36  SmartQQ.py[line:454] INFO Check html: {"errmsg":"error","retcode":0}
Fri, 18 Aug 2017 09:59:41  SmartQQ.py[line:454] INFO Check html: {"errmsg":"error","retcode":0}
Fri, 18 Aug 2017 10:00:41  SmartQQ.py[line:454] INFO Check html: {"errmsg":"error","retcode":0}
Fri, 18 Aug 2017 10:01:42  SmartQQ.py[line:454] INFO Check html: {"errmsg":"error","retcode":0}
Fri, 18 Aug 2017 10:02:42  SmartQQ.py[line:454] INFO Check html: {"errmsg":"error","retcode":0}
Fri, 18 Aug 2017 10:03:43  SmartQQ.py[line:454] INFO Check html: {"errmsg":"error","retcode":0}
Fri, 18 Aug 2017 10:04:44  SmartQQ.py[line:454] INFO Check html: {"errmsg":"error","retcode":0}
Fri, 18 Aug 2017 10:05:48  SmartQQ.py[line:454] INFO Check html: {"errmsg":"error","retcode":0}
